*----------------------------------------------------------------------------------------
*	Encounter 14.14-s028_1 (64bit) 09/15/2014 13:21 (Linux 2.6)
*	
*
* 	Date & Time:	2017-May-30 11:57:38 (2017-May-30 16:57:38 GMT)
*
*----------------------------------------------------------------------------------------
*
*	Design: alu_conv
*
*	Liberty Libraries used: 
*	        /vol/ece303/encounter_tutorial/NangateOpenCellLibrary_typical.lib
*
*	Power Domain used: 
*		Rail:        VDD 	Voltage:        1.1 
*
*       Power View : an
*
*       User-Defined Activity : N.A.
*
*       Activity File: N.A.
*
*       Hierarchical Global Activity: N.A.
*
*       Global Activity: N.A.
*
*       Sequential Element Activity: N.A.
*
*       Primary Input Activity: 0.200000
*
*       Default icg ratio: N.A.
*
*       Global Comb ClockGate Ratio: N.A.
*
*	Power Units = 1mW
*
*	Time Units = 1e-09 secs 
*
*       Temperature = 25 
*
*       report_power -outfile .//alu_conv.rpt -rail_analysis_format VS
*
-----------------------------------------------------------------------------------------
Cell                            Internal   Switching       Total     Leakage   Cell
                                   Power       Power       Power       Power   Name
--------------------------------------------------------------------------------------
clk__L1_I0                        0.0104      0.0157     0.02613   3.056e-05  CLKBUF_X3
clk__L2_I2                      0.009944    0.007789     0.01776   3.056e-05  CLKBUF_X3
clk__L2_I3                      0.009942    0.007752     0.01772   3.056e-05  CLKBUF_X3
clk__L2_I5                       0.00993    0.007531     0.01749   3.056e-05  CLKBUF_X3
clk__L3_I6                      0.009949      0.0075     0.01748   3.056e-05  CLKBUF_X3
clk__L2_I1                      0.009927    0.007467     0.01742   3.056e-05  CLKBUF_X3
clk__L2_I4                      0.009917    0.007297     0.01724   3.056e-05  CLKBUF_X3
clk__L2_I0                      0.009912    0.007207     0.01715   3.056e-05  CLKBUF_X3
clk__L3_I13                     0.009926    0.007049     0.01701   3.056e-05  CLKBUF_X3
clk__L3_I17                     0.009924    0.007035     0.01699   3.056e-05  CLKBUF_X3
clk__L3_I12                     0.009917    0.006903     0.01685   3.056e-05  CLKBUF_X3
clk__L3_I5                      0.009892    0.006733     0.01666   3.056e-05  CLKBUF_X3
clk__L3_I1                      0.009883    0.006671     0.01658   3.056e-05  CLKBUF_X3
clk__L3_I7                      0.009861    0.006549     0.01644   3.056e-05  CLKBUF_X3
clk__L3_I14                     0.009859    0.006527     0.01642   3.056e-05  CLKBUF_X3
clk__L3_I10                     0.009841    0.006426      0.0163   3.056e-05  CLKBUF_X3
clk__L3_I15                     0.009833    0.006372     0.01624   3.056e-05  CLKBUF_X3
clk__L3_I4                      0.009826    0.006323     0.01618   3.056e-05  CLKBUF_X3
clk__L3_I8                      0.009824    0.006316     0.01617   3.056e-05  CLKBUF_X3
clk__L3_I16                     0.009823    0.006307     0.01616   3.056e-05  CLKBUF_X3
clk__L3_I11                     0.009813    0.006256      0.0161   3.056e-05  CLKBUF_X3
clk__L3_I3                      0.009777    0.006025     0.01583   3.056e-05  CLKBUF_X3
clk__L3_I2                       0.00975    0.005857     0.01564   3.056e-05  CLKBUF_X3
clk__L3_I0                        0.0097    0.005549     0.01528   3.056e-05  CLKBUF_X3
clk__L3_I9                      0.009553    0.004642     0.01423   3.056e-05  CLKBUF_X3
C_int_reg[10]                   0.008533    0.002954     0.01157   8.572e-05  DFFR_X1
C_int_reg[15]                   0.008561    0.002624     0.01127   8.571e-05  DFFR_X1
C_int_reg[6]                    0.008445    0.002636     0.01117   8.572e-05  DFFR_X1
C_int_reg[5]                    0.008299    0.002514      0.0109   8.572e-05  DFFR_X1
C_int_reg[9]                    0.008511    0.002274     0.01087   8.571e-05  DFFR_X1
C_int_reg[11]                    0.00839    0.002391     0.01087   8.571e-05  DFFR_X1
C_int_reg[12]                   0.008675    0.002015     0.01078   8.571e-05  DFFR_X1
C_int_reg[14]                   0.008581     0.00203      0.0107   8.571e-05  DFFR_X1
C_int_reg[13]                   0.008611    0.001817     0.01051   8.571e-05  DFFR_X1
C_int_reg[4]                    0.008082    0.002318     0.01049   8.572e-05  DFFR_X1
C_int_reg[8]                    0.008396       0.002     0.01048   8.571e-05  DFFR_X1
C_int_reg[7]                     0.00833    0.002024     0.01044   8.572e-05  DFFR_X1
C_int_reg[16]                   0.008198    0.002028     0.01031   8.577e-05  DFFR_X1
Y_reg[12]                       0.009449   0.0007409     0.01029   0.0001036  SDFFR_X1
Y_reg[13]                       0.009393   0.0007669     0.01026   0.0001036  SDFFR_X1
C_int_reg[3]                    0.007787     0.00228     0.01015   8.572e-05  DFFR_X1
Y_reg[14]                       0.009355   0.0006706     0.01013   0.0001036  SDFFR_X1
Y_reg[9]                        0.009285   0.0005999    0.009989   0.0001036  SDFFR_X1
Y_reg[11]                       0.009168   0.0006778    0.009949   0.0001036  SDFFR_X1
C_int_reg[2]                    0.007586    0.002268     0.00994   8.572e-05  DFFR_X1
Y_reg[10]                       0.009296   0.0004578    0.009858   0.0001037  SDFFR_X1
Y_reg[8]                        0.009176   0.0005661    0.009846   0.0001036  SDFFR_X1
Y_reg[15]                       0.009321   0.0004206    0.009845   0.0001036  SDFFR_X1
Y_reg[6]                        0.009217    0.000412    0.009733   0.0001037  SDFFR_X1
Y_reg[7]                        0.009109   0.0004067    0.009619   0.0001037  SDFFR_X1
Y_reg[5]                        0.009081    0.000433    0.009618   0.0001037  SDFFR_X1
Y_reg[4]                        0.008881    0.000603    0.009588   0.0001037  SDFFR_X1
Y_reg[16]                        0.00898   0.0004239    0.009508   0.0001038  SDFFR_X1
C_int_reg[0]                    0.007257    0.002063    0.009405   8.572e-05  DFFR_X1
Y_reg[3]                        0.008594   0.0004488    0.009147   0.0001037  SDFFR_X1
C_int_reg[1]                    0.007253    0.001695    0.009034   8.572e-05  DFFR_X1
C_int_reg[17]                    0.00769    0.001242    0.009017   8.521e-05  DFFR_X1
Y_reg[2]                        0.008397   0.0004963    0.008997   0.0001037  SDFFR_X1
Y_reg[17]                       0.008446   0.0003213     0.00887   0.0001024  SDFFR_X1
Y_reg[1]                        0.008077   0.0004954    0.008676   0.0001037  SDFFR_X1
Y_reg[0]                        0.008072   0.0003588    0.008535   0.0001037  SDFFR_X1
add_33_48/g1138                  0.00486    0.003209    0.008143   7.384e-05  FA_X1
A_int_reg[4]                    0.005147    0.001667    0.006919   0.0001047  SDFFR_X1
A_int_reg[5]                    0.005146    0.001531    0.006781   0.0001047  SDFFR_X1
A_int_reg[6]                    0.005146    0.001504    0.006755   0.0001047  SDFFR_X1
A_int_reg[3]                    0.005146    0.001487    0.006737   0.0001047  SDFFR_X1
A_int_reg[1]                    0.005145    0.001405    0.006655   0.0001047  SDFFR_X1
A_int_reg[2]                    0.005145    0.001357    0.006607   0.0001047  SDFFR_X1
A_int_reg[7]                    0.005142    0.001254    0.006501   0.0001047  SDFFR_X1
A_int_reg[10]                   0.005142    0.001238    0.006485   0.0001047  SDFFR_X1
A_int_reg[8]                    0.005137    0.001024    0.006266   0.0001047  SDFFR_X1
B_int_reg[4]                    0.005136     0.00098    0.006221   0.0001047  SDFFR_X1
A_int_reg[15]                   0.005136   0.0009729    0.006214   0.0001047  SDFFR_X1
A_int_reg[0]                    0.005136   0.0009657    0.006206   0.0001047  SDFFR_X1
A_int_reg[13]                   0.005136   0.0009575    0.006198   0.0001047  SDFFR_X1
B_int_reg[1]                    0.005135    0.000923    0.006163   0.0001047  SDFFR_X1
A_int_reg[9]                    0.005134   0.0008792    0.006118   0.0001047  SDFFR_X1
B_int_reg[0]                    0.005134   0.0008737    0.006112   0.0001047  SDFFR_X1
A_int_reg[12]                   0.005134    0.000864    0.006103   0.0001047  SDFFR_X1
A_int_reg[11]                   0.005134   0.0008598    0.006098   0.0001047  SDFFR_X1
A_int_reg[14]                   0.005134   0.0008578    0.006096   0.0001047  SDFFR_X1
B_int_reg[7]                    0.005133   0.0008282    0.006066   0.0001047  SDFFR_X1
B_int_reg[3]                    0.005133   0.0008229    0.006061   0.0001047  SDFFR_X1
B_int_reg[10]                   0.005133   0.0008099    0.006047   0.0001047  SDFFR_X1
B_int_reg[2]                    0.005133   0.0007993    0.006037   0.0001047  SDFFR_X1
B_int_reg[6]                    0.005131   0.0007465    0.005982   0.0001047  SDFFR_X1
B_int_reg[5]                    0.005131    0.000742    0.005978   0.0001047  SDFFR_X1
B_int_reg[15]                   0.005129   0.0006584    0.005892   0.0001047  SDFFR_X1
B_int_reg[14]                   0.005126   0.0005219    0.005753   0.0001047  SDFFR_X1
B_int_reg[8]                    0.005126   0.0004916    0.005722   0.0001047  SDFFR_X1
B_int_reg[12]                   0.005125   0.0004734    0.005703   0.0001047  SDFFR_X1
B_int_reg[9]                    0.005125   0.0004602     0.00569   0.0001047  SDFFR_X1
B_int_reg[11]                   0.005125   0.0004561    0.005686   0.0001047  SDFFR_X1
B_int_reg[13]                   0.005125    0.000443    0.005672   0.0001047  SDFFR_X1
state_reg[0]                    0.004028    0.001207    0.005322   8.795e-05  DFFR_X1
g805                           0.0008375    0.003852    0.004744   5.477e-05  AND2_X2
state_reg[1]                    0.003756   0.0005736    0.004418   8.846e-05  DFFR_X1
g812                           0.0004476    0.003724    0.004233   6.072e-05  NAND2_X2
g807                           0.0006831      0.0033    0.004027   4.434e-05  AND2_X2
FE_PHC32_reset                  0.001459    0.001687    0.003836    0.000689  BUF_X32
add_33_48/g1155                 0.002341    0.001211    0.003588   3.621e-05  XNOR2_X1
add_33_48/g1245                 0.002334    0.001166    0.003537   3.663e-05  XNOR2_X1
add_33_48/g1159                  0.00162    0.001708    0.003354   2.625e-05  AND2_X1
add_33_48/g1246                 0.002401   0.0009111    0.003348   3.658e-05  XNOR2_X1
add_33_48/g2                     0.00229   0.0009294    0.003256   3.666e-05  XNOR2_X1
add_33_48/g1157                 0.001324    0.001856    0.003206   2.574e-05  OAI21_X1
add_33_48/g1158                 0.002164    0.000896    0.003097   3.675e-05  XNOR2_X1
add_33_48/g1252                 0.002139   0.0008585    0.003033   3.626e-05  XOR2_X1
add_33_48/g1248                 0.002139   0.0007845    0.002958   3.456e-05  XOR2_X1
add_33_48/g1150                 0.002038   0.0008518    0.002927   3.659e-05  XNOR2_X1
add_33_48/g1162                 0.002028   0.0008492    0.002914   3.671e-05  XNOR2_X1
add_33_48/g1151                0.0008576    0.001935     0.00282   2.659e-05  NAND2_X1
add_33_48/g1165                0.0007545    0.002029     0.00281   2.668e-05  NAND2_X1
add_33_48/g1247                 0.001956   0.0007597    0.002753   3.674e-05  XNOR2_X1
add_33_48/g1253                 0.001924   0.0007508    0.002711   3.629e-05  XOR2_X1
add_33_48/g1258                 0.001975   0.0006481    0.002694   7.156e-05  FA_X1
add_33_48/g1170                0.0009723    0.001686     0.00269   3.122e-05  OAI21_X1
add_28_48/g1206                 0.001232    0.001387    0.002655   3.598e-05  XNOR2_X1
add_33_48/g1145                0.0008412    0.001745    0.002612   2.662e-05  NAND2_X1
add_28_48/g2                    0.001232      0.0013    0.002568   3.598e-05  XNOR2_X1
add_33_48/FE_RC_0_0            0.0007524    0.001758     0.00253   1.991e-05  NOR2_X1
add_28_48/g1205                  0.00123    0.001121    0.002386   3.598e-05  XNOR2_X1
add_33_48/g1205                  0.00152   0.0008152    0.002372   3.727e-05  XNOR2_X1
FE_RC_15_0                      0.001669   0.0006566    0.002356   3.077e-05  AOI222_X1
add_33_48/g1198                  0.00147   0.0008467    0.002354   3.727e-05  XNOR2_X1
add_33_48/g1254                 0.001624   0.0006419    0.002302   3.635e-05  XOR2_X1
add_28_48/g1210                 0.001297    0.000965    0.002298   3.596e-05  XOR2_X1
add_28_48/g1212                 0.001229   0.0009953     0.00226   3.601e-05  XOR2_X1
add_33_48/g1194                 0.001314    0.000868    0.002243   6.108e-05  HA_X1
add_33_48/g1199                 0.001398   0.0007887    0.002224   3.727e-05  XNOR2_X1
add_28_48/g1105                 0.001235   0.0009372    0.002208   3.597e-05  XNOR2_X1
add_33_48/FE_RC_9_0            0.0006863    0.001468    0.002174   1.988e-05  NOR2_X1
FE_RC_6_0                       0.001578   0.0005427    0.002152   3.152e-05  AOI222_X1
add_28_48/g1211                 0.001262   0.0008401    0.002138   3.598e-05  XOR2_X1
g729                            0.001436   0.0006572    0.002124   3.087e-05  AOI222_X1
g730                            0.001409   0.0006442    0.002084   3.088e-05  AOI222_X1
add_28_48/g1213                 0.001167   0.0008539    0.002057   3.606e-05  XOR2_X1
add_33_48/g1140                0.0008242    0.001205    0.002056   2.664e-05  NAND2_X1
add_33_48/g1161                0.0008483    0.001159    0.002036   2.884e-05  NAND3_X1
add_33_48/g1200                 0.001292   0.0007004     0.00203   3.727e-05  XNOR2_X1
add_33_48/g1251                 0.001438   0.0005468     0.00202   3.484e-05  XNOR2_X1
g726                            0.001353   0.0006104    0.001995   3.087e-05  AOI222_X1
add_28_48/g1158                 0.000956   0.0009762    0.001993   6.123e-05  HA_X1
g725                            0.001396   0.0005622    0.001989   3.097e-05  AOI222_X1
g728                            0.001418   0.0005358    0.001985   3.088e-05  AOI222_X1
add_33_48/g1154                 0.000995   0.0009425    0.001969   3.111e-05  OAI21_X1
add_28_48/g1207                0.0008895    0.001031    0.001948   2.724e-05  AND2_X1
g748                            0.001374   0.0005404    0.001945   3.097e-05  AOI222_X1
g750                            0.001388   0.0005188    0.001938    3.09e-05  AOI222_X1
add_33_48/g1235                0.0007654    0.001145    0.001934    2.28e-05  OR2_X1
add_28_48/g1128                 0.001262   0.0006316    0.001931   3.707e-05  XNOR2_X1
add_33_48/FE_RC_4_0             0.000593    0.001303    0.001915   1.984e-05  NOR2_X1
add_28_48/g1125                 0.001223   0.0006537    0.001912   3.601e-05  XNOR2_X1
add_33_48/g1201                 0.001222   0.0006504     0.00191   3.727e-05  XNOR2_X1
g747                            0.001342    0.000532    0.001905   3.098e-05  AOI222_X1
add_28_48/g1214                 0.001059   0.0008091    0.001904   3.614e-05  XOR2_X1
g746                            0.001334   0.0005312    0.001896   3.097e-05  AOI222_X1
g749                            0.001356   0.0005009    0.001888    3.09e-05  AOI222_X1
g809                            0.000352    0.001403    0.001831   7.554e-05  NOR2_X4
add_33_48/g1255                 0.001257   0.0005279    0.001821   3.646e-05  XOR2_X1
g745                            0.001273   0.0005101    0.001814   3.097e-05  AOI222_X1
add_28_48/g1102                 0.001225   0.0005332    0.001794   3.597e-05  XNOR2_X1
add_33_48/g1220                0.0007466    0.001011    0.001781    2.28e-05  OR2_X1
add_33_48/g1213                0.0003913    0.001356    0.001768   2.075e-05  NOR2_X1
add_33_48/g1160                0.0007869   0.0009536    0.001767   2.674e-05  NAND2_X1
add_28_48/g1218                 0.001349   0.0003306    0.001753   7.358e-05  FA_X1
g744                            0.001188   0.0005317    0.001751   3.097e-05  AOI222_X1
add_33_48/g1188                0.0009858   0.0006668    0.001683   3.007e-05  AOI21_X1
add_33_48/g1193                0.0007348   0.0008504    0.001614   2.927e-05  AOI21_X1
add_28_48/g1215                0.0008689   0.0007054    0.001611   3.628e-05  XOR2_X1
add_28_48/g1209                 0.001338   0.0001971    0.001609   7.358e-05  FA_X1
add_28_48/g1123                0.0005902   0.0009576    0.001577    2.95e-05  OAI21_X1
add_33_48/g1256                 0.001077   0.0004313    0.001545   3.665e-05  XOR2_X1
g743                             0.00106   0.0004373    0.001534   3.665e-05  AOI222_X1
add_33_48/g1242                0.0007292   0.0007767    0.001529    2.28e-05  OR2_X1
add_33_48/g1190                0.0008463   0.0006162    0.001494   3.183e-05  OAI21_X1
add_33_48/g1153                0.0008089   0.0006594    0.001492   2.319e-05  NAND2_X1
add_33_48/FE_RC_13_0           0.0004768   0.0009927    0.001489   1.977e-05  NOR2_X1
add_33_48/g1237                0.0007504   0.0007054    0.001479    2.28e-05  OR2_X1
add_33_48/g1214                0.0007593   0.0006783     0.00146    2.28e-05  OR2_X1
add_33_48/g1231                0.0007529   0.0006774    0.001453    2.28e-05  OR2_X1
add_28_48/g1104                0.0004406   0.0009714    0.001437   2.488e-05  NAND2_X1
add_33_48/g1142                0.0007397   0.0006634    0.001426   2.312e-05  NAND2_X1
add_33_48/g1147                0.0007514   0.0006439    0.001418   2.314e-05  NAND2_X1
add_33_48/g1241                0.0003664    0.001034    0.001417    1.69e-05  NAND2_X1
add_28_48/g1108                0.0004417   0.0009486    0.001415   2.488e-05  NAND2_X1
add_28_48/g1118                0.0004395   0.0009326    0.001397   2.488e-05  NAND2_X1
add_33_48/g1203                0.0009419   0.0003948    0.001361   2.422e-05  OR2_X1
add_33_48/g1163                0.0007031   0.0006326    0.001359   2.306e-05  NAND2_X1
add_28_48/g1127                0.0008228   0.0005093    0.001356   2.373e-05  OR2_X1
add_28_48/g1113                0.0004406   0.0008836    0.001349   2.488e-05  NAND2_X1
add_28_48/FE_RC_2_0            0.0004296   0.0008777    0.001327   2.015e-05  NOR2_X1
add_28_48/g1216                0.0006731   0.0006157    0.001325   3.653e-05  XOR2_X1
add_33_48/g1233                0.0003529   0.0009495    0.001319   1.689e-05  NAND2_X1
add_33_48/g1167                0.0006833   0.0006085    0.001315   2.305e-05  NAND2_X1
g742                           0.0007924   0.0004676    0.001298   3.775e-05  AOI222_X1
add_28_48/FE_RC_7_0            0.0004238   0.0008493    0.001293   2.013e-05  NOR2_X1
add_28_48/FE_RC_11_0           0.0004151   0.0008521    0.001287   2.011e-05  NOR2_X1
add_33_48/g1260                0.0006453   0.0006127    0.001278   2.057e-05  NOR2_X1
add_33_48/g1204                0.0005221    0.000719    0.001267   2.574e-05  NAND2_X1
add_33_48/g1206                 0.000525   0.0007092     0.00126   2.574e-05  NAND2_X1
add_28_48/g1171                0.0005577   0.0006395    0.001234   3.644e-05  XNOR2_X1
g727                           0.0007566   0.0004291    0.001228   4.213e-05  AOI222_X1
add_33_48/g1195                0.0005481   0.0006571    0.001225   1.967e-05  NOR2_X1
add_33_48/g1208                0.0005289    0.000661    0.001216   2.574e-05  NAND2_X1
g811                           0.0001956    0.000907    0.001192   8.933e-05  AND2_X4
add_33_48/g1196                0.0005124   0.0006521     0.00119   2.574e-05  NAND2_X1
add_33_48/g1262                0.0005641    0.000605     0.00119   2.063e-05  NOR2_X1
add_33_48/g1207                0.0005002    0.000662    0.001188   2.576e-05  NAND2_X1
add_33_48/g1209                0.0004924   0.0006507     0.00117   2.735e-05  NAND2_X1
add_33_48/g1197                0.0005055   0.0006367    0.001168   2.574e-05  NAND2_X1
add_28_48/g1194                0.0003977   0.0007353    0.001156   2.269e-05  OR2_X1
add_28_48/g1129                 0.000434   0.0006892    0.001143   2.018e-05  NOR2_X1
add_28_48/g1143                0.0002938   0.0008279    0.001136   1.466e-05  INV_X1
add_28_48/g1189                0.0003977   0.0007119    0.001132   2.269e-05  OR2_X1
add_28_48/g1204                0.0003969   0.0006958    0.001115   2.269e-05  OR2_X1
add_33_48/g1137                0.0005172   0.0005666    0.001099   1.537e-05  NAND2_X1
add_28_48/g1103                0.0004355     0.00063     0.00109   2.487e-05  NAND2_X1
add_28_48/g1167                0.0002596     0.00078    0.001066   2.656e-05  NAND2_X1
add_33_48/g1236                0.0003822   0.0006559    0.001059   2.074e-05  NOR2_X1
add_33_48/g1221                0.0003505    0.000689    0.001056    1.69e-05  NAND2_X1
g802                           0.0006552   0.0003769    0.001056   2.348e-05  AOI22_X1
add_28_48/g1147                0.0002678   0.0007731    0.001055   1.443e-05  INV_X1
g716                           0.0005041   0.0005102    0.001029     1.5e-05  INV_X1
add_33_48/g1223                0.0003617   0.0006436    0.001022   1.689e-05  NAND2_X1
add_33_48/FE_RC_1_0            0.0006689   0.0003264    0.001021   2.515e-05  AND2_X1
add_33_48/g1225                0.0003588   0.0006431    0.001019   1.689e-05  NAND2_X1
add_33_48/g1239                0.0003655   0.0006339    0.001016   1.689e-05  NAND2_X1
add_33_48/g1218                0.0003528   0.0006461    0.001016   1.689e-05  NAND2_X1
add_28_48/g1162                0.0005578   0.0004183    0.001013   3.644e-05  XNOR2_X1
add_33_48/g3                   0.0002584   0.0007332    0.001005   1.297e-05  INV_X1
add_33_48/g1212                0.0003606   0.0006242    0.001002   1.689e-05  NAND2_X1
add_28_48/g1101                0.0004349   0.0005357   0.0009955   2.487e-05  NAND2_X1
add_28_48/g1166                0.0002597   0.0007051   0.0009914   2.656e-05  NAND2_X1
add_28_48/g1176                0.0002094   0.0007541   0.0009809   1.739e-05  NAND2_X1
add_28_48/g1169                0.0002569   0.0006963   0.0009798   2.656e-05  NAND2_X1
add_28_48/g1168                0.0005589   0.0003812   0.0009765   3.644e-05  XNOR2_X1
add_33_48/g1227                0.0002798   0.0006804   0.0009728   1.256e-05  INV_X1
add_28_48/g1186                0.0002087   0.0007419    0.000968   1.739e-05  NAND2_X1
add_28_48/g1220                0.0004241   0.0005203   0.0009646   2.019e-05  NOR2_X1
add_28_48/g1188                0.0004035   0.0005352   0.0009637   2.507e-05  AND2_X1
g720                           0.0005367   0.0004103    0.000962   1.501e-05  INV_X1
add_28_48/g1170                0.0005594   0.0003658   0.0009616   3.644e-05  XNOR2_X1
g741                           0.0005007   0.0004384   0.0009542   1.501e-05  INV_X1
add_28_48/g1172                0.0005587   0.0003447   0.0009398   3.644e-05  XNOR2_X1
add_28_48/g1144                0.0005333   0.0003737   0.0009368   2.973e-05  OAI21_X1
add_33_48/FE_RC_10_0           0.0006385   0.0002694   0.0009331   2.515e-05  AND2_X1
g719                            0.000517   0.0003944   0.0009264   1.501e-05  INV_X1
add_28_48/g1160                 0.000562   0.0003276   0.0009261   3.644e-05  XNOR2_X1
g717                           0.0005016   0.0003927   0.0009093   1.501e-05  INV_X1
add_33_48/g1264                0.0004601   0.0004278   0.0009086   2.072e-05  NOR2_X1
g721                            0.000528   0.0003651   0.0009081   1.501e-05  INV_X1
g722                           0.0005326   0.0003525   0.0009001   1.501e-05  INV_X1
add_28_48/g1159                0.0005568   0.0003059   0.0008991   3.644e-05  XNOR2_X1
g739                           0.0005009   0.0003718   0.0008877     1.5e-05  INV_X1
add_28_48/g1106                0.0004331   0.0004217   0.0008797   2.487e-05  NAND2_X1
add_33_48/FE_RC_5_0            0.0006022   0.0002477   0.0008751   2.515e-05  AND2_X1
g737                           0.0004842   0.0003749   0.0008741     1.5e-05  INV_X1
g738                           0.0004886   0.0003669   0.0008705     1.5e-05  INV_X1
add_28_48/g1151                 0.000224    0.000621   0.0008591   1.402e-05  INV_X1
add_28_48/g1120                0.0004546   0.0003706     0.00085   2.486e-05  NAND2_X1
add_28_48/g1199                0.0003861   0.0004386   0.0008474   2.269e-05  OR2_X1
add_28_48/g1148                0.0004933   0.0003229   0.0008462   2.991e-05  OAI21_X1
g740                           0.0004929   0.0003373   0.0008452   1.501e-05  INV_X1
add_28_48/g1191                0.0003848   0.0004372   0.0008447   2.269e-05  OR2_X1
add_33_48/FE_RC_14_0            0.000579   0.0002379    0.000842   2.515e-05  AND2_X1
add_28_48/g1110                0.0004329   0.0003839   0.0008416   2.487e-05  NAND2_X1
g736                           0.0004596   0.0003654     0.00084     1.5e-05  INV_X1
add_28_48/g3                   0.0005774   0.0002329   0.0008397   2.947e-05  OAI21_X1
add_28_48/g1115                0.0004327   0.0003796   0.0008372   2.487e-05  NAND2_X1
g723                           0.0004883   0.0003317   0.0008349   1.494e-05  INV_X1
add_28_48/g1187                 0.000211   0.0006003   0.0008325    2.12e-05  NOR2_X1
add_28_48/g1222                0.0004147   0.0003861    0.000821   2.021e-05  NOR2_X1
add_28_48/g1163                0.0002567   0.0005351   0.0008183   2.656e-05  NAND2_X1
add_28_48/g1197                0.0003826   0.0003877   0.0007929   2.269e-05  OR2_X1
add_28_48/g1224                0.0003957   0.0003582   0.0007741   2.024e-05  NOR2_X1
g735                           0.0004354   0.0003032   0.0007536     1.5e-05  INV_X1
add_28_48/g1185                0.0002136     0.00052    0.000751   1.739e-05  NAND2_X1
add_33_48/g1238                0.0003889   0.0003267   0.0007363   2.075e-05  NOR2_X1
add_33_48/g1217                0.0003973   0.0003177   0.0007358   2.075e-05  NOR2_X1
g734                           0.0004097   0.0002985   0.0007232     1.5e-05  INV_X1
add_33_48/g1215                0.0003665   0.0003386   0.0007221    1.69e-05  NAND2_X1
add_33_48/g1266                0.0003572   0.0003412   0.0007193    2.09e-05  NOR2_X1
add_33_48/g1232                0.0003785   0.0003194   0.0007186   2.075e-05  NOR2_X1
add_28_48/g1152                0.0004189   0.0002653   0.0007144   3.024e-05  OAI21_X1
add_28_48/g1195                0.0002081   0.0004774   0.0007029   1.739e-05  NAND2_X1
add_28_48/g1208                0.0001784   0.0004911   0.0006828   1.329e-05  INV_X1
add_33_48/g1222                0.0003599   0.0002943    0.000675   2.075e-05  NOR2_X1
add_33_48/g1230                0.0003475   0.0002895   0.0006578   2.075e-05  NOR2_X1
add_28_48/g1183                0.0002086   0.0004222    0.000652    2.12e-05  NOR2_X1
g718                            0.000375   0.0002618   0.0006518     1.5e-05  INV_X1
add_33_48/g1228                 0.000272   0.0003487   0.0006375    1.68e-05  INV_X1
add_28_48/g1203                 0.000208   0.0004113   0.0006367   1.739e-05  NAND2_X1
add_28_48/g1174                0.0002595   0.0003541   0.0006335   1.978e-05  NOR2_X1
add_28_48/g1181                 0.000208   0.0004072   0.0006326   1.739e-05  NAND2_X1
g733                           0.0003784    0.000234   0.0006274     1.5e-05  INV_X1
add_33_48/g1210                0.0002588   0.0003441   0.0006197   1.681e-05  INV_X1
add_28_48/g1198                0.0002185   0.0003754   0.0006151    2.12e-05  NOR2_X1
add_28_48/g1164                0.0002544   0.0003287   0.0006096   2.656e-05  NAND2_X1
add_28_48/g1173                 0.000254   0.0003181   0.0005986   2.656e-05  NAND2_X1
add_28_48/g1201                0.0002143   0.0003537   0.0005892    2.12e-05  NOR2_X1
add_33_48/g1226                0.0002635   0.0003012   0.0005815   1.681e-05  INV_X1
add_33_48/g1211                0.0002636   0.0002877   0.0005682   1.681e-05  INV_X1
g776                           0.0003124   0.0002366   0.0005645   1.554e-05  INV_X1
add_28_48/g1184                0.0002103   0.0003344   0.0005621   1.739e-05  NAND2_X1
add_28_48/FE_RC_12_0           0.0003817   0.0001532   0.0005599   2.507e-05  AND2_X1
add_28_48/FE_RC_8_0            0.0003813   0.0001532   0.0005595   2.507e-05  AND2_X1
add_28_48/FE_RC_3_0            0.0003796   0.0001532   0.0005579   2.507e-05  AND2_X1
add_28_48/g1196                0.0002181    0.000289   0.0005244   1.739e-05  NAND2_X1
add_28_48/g1190                0.0002154   0.0002846   0.0005212    2.12e-05  NOR2_X1
add_28_48/g1175                0.0002147   0.0002562   0.0004884   1.739e-05  NAND2_X1
add_28_48/g1179                0.0002144   0.0002209   0.0004565    2.12e-05  NOR2_X1
add_28_48/g1202                0.0002248   0.0001923   0.0004345   1.739e-05  NAND2_X1
FE_PHC33_reset                 7.884e-05   0.0003251   0.0004268   2.292e-05  CLKBUF_X2
add_28_48/g1193                0.0002161   0.0001859   0.0004232    2.12e-05  NOR2_X1
add_28_48/g1200                0.0002179    0.000169    0.000408    2.12e-05  NOR2_X1
g806                           0.0001474   0.0001573   0.0003163    1.16e-05  INV_X1
g808                           6.327e-05   0.0001063   0.0001801   1.053e-05  INV_X1
FE_PHC108_A_15_                4.005e-05    4.74e-05   9.866e-05   1.121e-05  CLKBUF_X1
FE_PHC105_B_14_                4.004e-05   4.641e-05   9.766e-05   1.121e-05  CLKBUF_X1
FE_PHC193_B_9_                 4.501e-05   1.802e-05   8.447e-05   2.144e-05  BUF_X1
FE_PHC137_B_15_                3.931e-05   3.332e-05   8.384e-05   1.121e-05  CLKBUF_X1
FE_PHC192_A_8_                 4.477e-05   1.659e-05    8.28e-05   2.144e-05  BUF_X1
FE_PHC185_A_6_                 4.449e-05   1.493e-05   8.086e-05   2.144e-05  BUF_X1
FE_PHC189_A_10_                4.443e-05    1.46e-05   8.048e-05   2.144e-05  BUF_X1
FE_PHC183_B_1_                  4.44e-05    1.44e-05   8.024e-05   2.144e-05  BUF_X1
FE_PHC177_A_9_                 4.439e-05   1.431e-05   8.014e-05   2.144e-05  BUF_X1
FE_PHC188_B_0_                 4.438e-05   1.431e-05   8.013e-05   2.144e-05  BUF_X1
FE_PHC194_A_7_                 4.436e-05   1.414e-05   7.993e-05   2.144e-05  BUF_X1
FE_PHC196_B_8_                 4.432e-05    1.39e-05   7.965e-05   2.144e-05  BUF_X1
FE_PHC167_A_11_                4.431e-05   1.387e-05   7.962e-05   2.144e-05  BUF_X1
FE_PHC168_A_12_                 4.43e-05    1.38e-05   7.953e-05   2.144e-05  BUF_X1
FE_PHC181_B_10_                4.429e-05   1.374e-05   7.947e-05   2.144e-05  BUF_X1
FE_PHC179_B_5_                 4.428e-05   1.371e-05   7.943e-05   2.144e-05  BUF_X1
FE_PHC182_A_13_                4.424e-05   1.347e-05   7.915e-05   2.144e-05  BUF_X1
FE_PHC169_A_14_                4.424e-05   1.346e-05   7.914e-05   2.144e-05  BUF_X1
FE_PHC191_A_5_                 4.423e-05   1.339e-05   7.906e-05   2.144e-05  BUF_X1
FE_PHC187_A_1_                 4.421e-05   1.325e-05   7.889e-05   2.144e-05  BUF_X1
FE_PHC175_B_13_                4.415e-05   1.295e-05   7.854e-05   2.144e-05  BUF_X1
FE_PHC184_B_15_                4.414e-05   1.284e-05   7.842e-05   2.144e-05  BUF_X1
FE_PHC39_A_7_                  3.898e-05   2.816e-05   7.836e-05   1.121e-05  CLKBUF_X1
FE_PHC197_B_14_                4.412e-05   1.276e-05   7.832e-05   2.144e-05  BUF_X1
FE_PHC195_B_7_                 4.409e-05   1.254e-05   7.807e-05   2.144e-05  BUF_X1
FE_PHC165_A_0_                 4.408e-05   1.249e-05   7.801e-05   2.144e-05  BUF_X1
FE_PHC172_A_2_                 4.402e-05   1.216e-05   7.762e-05   2.144e-05  BUF_X1
FE_PHC166_B_12_                4.401e-05   1.211e-05   7.756e-05   2.144e-05  BUF_X1
FE_PHC176_A_3_                 4.399e-05   1.198e-05   7.741e-05   2.144e-05  BUF_X1
FE_PHC35_B_0_                  3.891e-05   2.716e-05   7.729e-05   1.121e-05  CLKBUF_X1
FE_PHC174_B_3_                 4.396e-05   1.177e-05   7.717e-05   2.144e-05  BUF_X1
FE_PHC186_A_4_                 4.393e-05    1.16e-05   7.696e-05   2.144e-05  BUF_X1
FE_PHC190_B_6_                  4.39e-05   1.147e-05   7.681e-05   2.144e-05  BUF_X1
FE_PHC170_B_2_                 4.389e-05   1.141e-05   7.674e-05   2.144e-05  BUF_X1
FE_PHC178_B_4_                 4.381e-05   1.092e-05   7.617e-05   2.144e-05  BUF_X1
FE_PHC101_B_9_                 3.884e-05   2.594e-05     7.6e-05   1.121e-05  CLKBUF_X1
FE_PHC38_A_1_                  3.879e-05   2.507e-05   7.507e-05   1.121e-05  CLKBUF_X1
FE_PHC102_A_6_                 3.879e-05   2.491e-05   7.491e-05   1.121e-05  CLKBUF_X1
FE_PHC99_B_8_                  3.877e-05    2.49e-05   7.489e-05   1.121e-05  CLKBUF_X1
FE_PHC180_A_15_                 4.36e-05   9.653e-06   7.469e-05   2.144e-05  BUF_X1
FE_PHC171_B_11_                 4.36e-05   9.653e-06   7.469e-05   2.144e-05  BUF_X1
FE_PHC71_A_8_                  3.873e-05   2.426e-05    7.42e-05   1.121e-05  CLKBUF_X1
FE_PHC37_A_5_                  3.871e-05   2.373e-05   7.366e-05   1.121e-05  CLKBUF_X1
FE_PHC103_B_6_                 3.859e-05    2.25e-05    7.23e-05   1.121e-05  CLKBUF_X1
FE_PHC73_B_14_                 3.852e-05   2.249e-05   7.223e-05   1.121e-05  CLKBUF_X1
FE_PHC91_B_15_                 3.858e-05   2.243e-05   7.223e-05   1.121e-05  CLKBUF_X1
FE_PHC68_A_13_                 3.853e-05   2.206e-05    7.18e-05   1.121e-05  CLKBUF_X1
FE_PHC36_A_4_                  3.853e-05   2.205e-05   7.179e-05   1.121e-05  CLKBUF_X1
FE_PHC66_reset                 3.846e-05   2.164e-05   7.131e-05   1.121e-05  CLKBUF_X1
FE_PHC104_B_7_                  3.84e-05   2.122e-05   7.084e-05   1.121e-05  CLKBUF_X1
FE_PHC54_B_8_                  3.839e-05   2.116e-05   7.076e-05   1.121e-05  CLKBUF_X1
FE_PHC34_B_1_                  3.836e-05   2.102e-05   7.059e-05   1.121e-05  CLKBUF_X1
FE_PHC70_B_7_                  3.831e-05    2.07e-05   7.022e-05   1.121e-05  CLKBUF_X1
FE_PHC2_A_7_                   3.824e-05   2.033e-05   6.978e-05   1.121e-05  CLKBUF_X1
FE_PHC63_A_10_                 3.824e-05   2.023e-05   6.969e-05   1.121e-05  CLKBUF_X1
FE_PHC0_A_13_                  3.823e-05   2.012e-05   6.956e-05   1.121e-05  CLKBUF_X1
FE_PHC132_B_8_                 3.823e-05   2.004e-05   6.948e-05   1.121e-05  CLKBUF_X1
FE_PHC75_B_9_                  3.819e-05   1.997e-05   6.937e-05   1.121e-05  CLKBUF_X1
FE_PHC40_B_7_                  3.816e-05   1.971e-05   6.908e-05   1.121e-05  CLKBUF_X1
FE_PHC86_A_9_                  3.809e-05   1.922e-05   6.852e-05   1.121e-05  CLKBUF_X1
FE_PHC45_B_14_                 3.806e-05    1.91e-05   6.837e-05   1.121e-05  CLKBUF_X1
FE_PHC30_B_4_                  3.805e-05     1.9e-05   6.827e-05   1.121e-05  CLKBUF_X1
FE_PHC1_B_14_                  3.804e-05   1.897e-05   6.823e-05   1.121e-05  CLKBUF_X1
FE_PHC100_A_8_                 3.801e-05   1.875e-05   6.797e-05   1.121e-05  CLKBUF_X1
FE_PHC50_B_4_                  3.796e-05    1.84e-05   6.758e-05   1.121e-05  CLKBUF_X1
FE_PHC76_B_1_                  3.796e-05   1.839e-05   6.757e-05   1.121e-05  CLKBUF_X1
FE_PHC55_A_9_                  3.796e-05   1.839e-05   6.756e-05   1.121e-05  CLKBUF_X1
FE_PHC134_B_6_                 3.794e-05   1.815e-05    6.73e-05   1.121e-05  CLKBUF_X1
FE_PHC106_B_15_                3.787e-05   1.798e-05   6.707e-05   1.121e-05  CLKBUF_X1
FE_PHC7_B_12_                  3.788e-05   1.783e-05   6.693e-05   1.121e-05  CLKBUF_X1
FE_PHC47_B_9_                  3.784e-05   1.767e-05   6.672e-05   1.121e-05  CLKBUF_X1
FE_PHC10_B_9_                  3.784e-05   1.761e-05   6.666e-05   1.121e-05  CLKBUF_X1
FE_PHC82_B_6_                  3.783e-05   1.759e-05   6.663e-05   1.121e-05  CLKBUF_X1
FE_PHC114_A_10_                 3.78e-05   1.735e-05   6.636e-05   1.121e-05  CLKBUF_X1
FE_PHC29_B_6_                  3.778e-05   1.724e-05   6.624e-05   1.121e-05  CLKBUF_X1
FE_PHC24_A_12_                 3.778e-05   1.723e-05   6.623e-05   1.121e-05  CLKBUF_X1
FE_PHC8_B_10_                  3.777e-05   1.717e-05   6.616e-05   1.121e-05  CLKBUF_X1
FE_PHC69_B_0_                  3.776e-05   1.709e-05   6.606e-05   1.121e-05  CLKBUF_X1
FE_PHC15_A_0_                  3.776e-05   1.706e-05   6.603e-05   1.121e-05  CLKBUF_X1
FE_PHC133_A_8_                 3.776e-05   1.705e-05   6.602e-05   1.121e-05  CLKBUF_X1
FE_PHC115_B_0_                 3.775e-05   1.703e-05     6.6e-05   1.121e-05  CLKBUF_X1
FE_PHC3_B_3_                   3.775e-05     1.7e-05   6.596e-05   1.121e-05  CLKBUF_X1
FE_PHC9_B_13_                  3.773e-05   1.691e-05   6.585e-05   1.121e-05  CLKBUF_X1
FE_PHC26_B_1_                  3.771e-05   1.682e-05   6.575e-05   1.121e-05  CLKBUF_X1
FE_PHC41_A_6_                  3.771e-05    1.68e-05   6.572e-05   1.121e-05  CLKBUF_X1
FE_PHC136_B_9_                 3.771e-05   1.675e-05   6.568e-05   1.121e-05  CLKBUF_X1
FE_PHC20_A_8_                  3.771e-05   1.675e-05   6.568e-05   1.121e-05  CLKBUF_X1
FE_PHC90_A_1_                  3.768e-05   1.656e-05   6.545e-05   1.121e-05  CLKBUF_X1
FE_PHC67_B_8_                  3.766e-05   1.652e-05    6.54e-05   1.121e-05  CLKBUF_X1
FE_PHC5_A_3_                   3.766e-05   1.643e-05    6.53e-05   1.121e-05  CLKBUF_X1
FE_PHC4_B_11_                  3.765e-05   1.639e-05   6.526e-05   1.121e-05  CLKBUF_X1
FE_PHC72_A_14_                 3.765e-05   1.636e-05   6.522e-05   1.121e-05  CLKBUF_X1
FE_PHC126_B_1_                 3.764e-05   1.629e-05   6.514e-05   1.121e-05  CLKBUF_X1
FE_PHC6_A_10_                  3.762e-05    1.62e-05   6.503e-05   1.121e-05  CLKBUF_X1
FE_PHC97_A_10_                 3.759e-05   1.601e-05   6.482e-05   1.121e-05  CLKBUF_X1
FE_PHC61_B_10_                 3.758e-05   1.591e-05    6.47e-05   1.121e-05  CLKBUF_X1
FE_PHC135_B_7_                 3.755e-05   1.573e-05   6.449e-05   1.121e-05  CLKBUF_X1
FE_PHC129_A_1_                 3.752e-05   1.552e-05   6.425e-05   1.121e-05  CLKBUF_X1
FE_PHC42_B_6_                  3.751e-05   1.547e-05   6.419e-05   1.121e-05  CLKBUF_X1
FE_PHC138_A_10_                3.749e-05   1.531e-05   6.401e-05   1.121e-05  CLKBUF_X1
FE_PHC44_B_5_                  3.748e-05    1.53e-05     6.4e-05   1.121e-05  CLKBUF_X1
FE_PHC113_A_9_                 3.748e-05   1.527e-05   6.396e-05   1.121e-05  CLKBUF_X1
FE_PHC152_B_11_                3.747e-05   1.519e-05   6.387e-05   1.121e-05  CLKBUF_X1
FE_PHC131_reset                3.745e-05    1.51e-05   6.377e-05   1.121e-05  CLKBUF_X1
FE_PHC74_A_4_                  3.744e-05     1.5e-05   6.366e-05   1.121e-05  CLKBUF_X1
FE_PHC79_A_6_                  3.742e-05   1.496e-05    6.36e-05   1.121e-05  CLKBUF_X1
FE_PHC121_A_0_                 3.742e-05   1.488e-05   6.351e-05   1.121e-05  CLKBUF_X1
FE_PHC43_A_8_                  3.741e-05   1.488e-05    6.35e-05   1.121e-05  CLKBUF_X1
FE_PHC14_A_1_                  3.741e-05   1.485e-05   6.347e-05   1.121e-05  CLKBUF_X1
FE_PHC25_B_2_                  3.741e-05   1.482e-05   6.345e-05   1.121e-05  CLKBUF_X1
FE_PHC23_B_0_                   3.74e-05   1.481e-05   6.342e-05   1.121e-05  CLKBUF_X1
FE_PHC13_A_2_                  3.739e-05   1.471e-05   6.332e-05   1.121e-05  CLKBUF_X1
FE_PHC93_A_3_                  3.739e-05   1.468e-05   6.328e-05   1.121e-05  CLKBUF_X1
FE_PHC51_B_13_                 3.738e-05   1.461e-05    6.32e-05   1.121e-05  CLKBUF_X1
FE_PHC149_B_0_                 3.738e-05    1.46e-05   6.319e-05   1.121e-05  CLKBUF_X1
FE_PHC119_A_13_                3.737e-05   1.458e-05   6.316e-05   1.121e-05  CLKBUF_X1
FE_PHC84_B_12_                 3.737e-05   1.454e-05   6.312e-05   1.121e-05  CLKBUF_X1
FE_PHC128_A_3_                 3.736e-05   1.454e-05   6.311e-05   1.121e-05  CLKBUF_X1
FE_PHC94_B_13_                 3.735e-05   1.445e-05   6.302e-05   1.121e-05  CLKBUF_X1
FE_PHC21_A_9_                  3.734e-05   1.436e-05   6.291e-05   1.121e-05  CLKBUF_X1
FE_PHC78_A_15_                 3.731e-05   1.428e-05   6.281e-05   1.121e-05  CLKBUF_X1
FE_PHC11_A_5_                  3.732e-05   1.426e-05   6.279e-05   1.121e-05  CLKBUF_X1
FE_PHC22_A_6_                  3.732e-05   1.423e-05   6.276e-05   1.121e-05  CLKBUF_X1
FE_PHC77_A_5_                  3.732e-05   1.422e-05   6.275e-05   1.121e-05  CLKBUF_X1
FE_PHC155_B_4_                 3.732e-05   1.421e-05   6.274e-05   1.121e-05  CLKBUF_X1
FE_PHC139_A_5_                 3.731e-05   1.417e-05   6.269e-05   1.121e-05  CLKBUF_X1
FE_PHC12_B_5_                  3.731e-05   1.417e-05   6.269e-05   1.121e-05  CLKBUF_X1
FE_PHC18_B_8_                   3.73e-05   1.415e-05   6.267e-05   1.121e-05  CLKBUF_X1
FE_PHC98_B_4_                   3.73e-05   1.414e-05   6.266e-05   1.121e-05  CLKBUF_X1
FE_PHC123_B_5_                 3.729e-05   1.405e-05   6.255e-05   1.121e-05  CLKBUF_X1
FE_PHC17_A_4_                  3.729e-05   1.404e-05   6.254e-05   1.121e-05  CLKBUF_X1
FE_PHC127_A_14_                3.727e-05   1.395e-05   6.243e-05   1.121e-05  CLKBUF_X1
FE_PHC163_B_1_                 3.727e-05   1.393e-05   6.242e-05   1.121e-05  CLKBUF_X1
FE_PHC19_B_15_                 3.727e-05    1.39e-05   6.238e-05   1.121e-05  CLKBUF_X1
FE_PHC111_A_11_                3.726e-05   1.387e-05   6.235e-05   1.121e-05  CLKBUF_X1
FE_PHC110_A_5_                 3.725e-05   1.379e-05   6.225e-05   1.121e-05  CLKBUF_X1
FE_PHC58_A_3_                  3.725e-05   1.378e-05   6.224e-05   1.121e-05  CLKBUF_X1
FE_PHC148_A_9_                 3.724e-05   1.374e-05   6.219e-05   1.121e-05  CLKBUF_X1
FE_PHC120_A_7_                 3.724e-05   1.372e-05   6.217e-05   1.121e-05  CLKBUF_X1
FE_PHC81_B_10_                 3.724e-05   1.371e-05   6.216e-05   1.121e-05  CLKBUF_X1
FE_PHC116_A_12_                3.724e-05   1.371e-05   6.216e-05   1.121e-05  CLKBUF_X1
FE_PHC142_A_7_                 3.722e-05   1.362e-05   6.206e-05   1.121e-05  CLKBUF_X1
FE_PHC147_B_5_                  3.72e-05   1.347e-05   6.189e-05   1.121e-05  CLKBUF_X1
FE_PHC56_A_14_                  3.72e-05   1.346e-05   6.188e-05   1.121e-05  CLKBUF_X1
FE_PHC80_A_11_                 3.719e-05   1.343e-05   6.184e-05   1.121e-05  CLKBUF_X1
FE_PHC161_A_1_                 3.719e-05   1.342e-05   6.182e-05   1.121e-05  CLKBUF_X1
FE_PHC83_A_7_                  3.719e-05    1.34e-05   6.181e-05   1.121e-05  CLKBUF_X1
FE_PHC145_A_13_                3.718e-05   1.332e-05   6.171e-05   1.121e-05  CLKBUF_X1
FE_PHC140_A_6_                 3.717e-05    1.33e-05   6.169e-05   1.121e-05  CLKBUF_X1
FE_PHC156_A_0_                 3.717e-05   1.329e-05   6.167e-05   1.121e-05  CLKBUF_X1
FE_PHC16_A_15_                 3.716e-05   1.325e-05   6.162e-05   1.121e-05  CLKBUF_X1
FE_PHC157_A_14_                3.715e-05   1.315e-05   6.152e-05   1.121e-05  CLKBUF_X1
FE_PHC109_B_13_                3.714e-05   1.309e-05   6.144e-05   1.121e-05  CLKBUF_X1
FE_PHC154_A_15_                3.714e-05   1.308e-05   6.144e-05   1.121e-05  CLKBUF_X1
FE_PHC85_B_5_                  3.714e-05   1.307e-05   6.142e-05   1.121e-05  CLKBUF_X1
FE_PHC144_A_11_                3.714e-05   1.306e-05   6.141e-05   1.121e-05  CLKBUF_X1
FE_PHC31_A_11_                 3.714e-05   1.306e-05   6.141e-05   1.121e-05  CLKBUF_X1
FE_PHC57_A_15_                 3.713e-05   1.305e-05    6.14e-05   1.121e-05  CLKBUF_X1
FE_PHC92_B_11_                 3.713e-05   1.302e-05   6.136e-05   1.121e-05  CLKBUF_X1
FE_PHC88_A_12_                 3.712e-05   1.299e-05   6.133e-05   1.121e-05  CLKBUF_X1
FE_PHC96_A_0_                  3.712e-05   1.298e-05   6.132e-05   1.121e-05  CLKBUF_X1
FE_PHC143_B_12_                3.712e-05   1.293e-05   6.126e-05   1.121e-05  CLKBUF_X1
FE_PHC151_A_12_                3.711e-05    1.29e-05   6.123e-05   1.121e-05  CLKBUF_X1
FE_PHC159_B_13_                 3.71e-05   1.284e-05   6.116e-05   1.121e-05  CLKBUF_X1
FE_PHC164_reset                 3.71e-05   1.282e-05   6.113e-05   1.121e-05  CLKBUF_X1
FE_PHC198_reset                3.709e-05   1.275e-05   6.105e-05   1.121e-05  CLKBUF_X1
FE_PHC141_A_4_                 3.708e-05   1.273e-05   6.103e-05   1.121e-05  CLKBUF_X1
FE_PHC146_B_10_                3.708e-05   1.269e-05   6.099e-05   1.121e-05  CLKBUF_X1
FE_PHC27_B_7_                  3.708e-05   1.268e-05   6.097e-05   1.121e-05  CLKBUF_X1
FE_PHC28_A_14_                 3.707e-05   1.266e-05   6.094e-05   1.121e-05  CLKBUF_X1
FE_PHC173_reset                3.707e-05   1.265e-05   6.094e-05   1.121e-05  CLKBUF_X1
FE_PHC117_B_11_                3.705e-05   1.248e-05   6.074e-05   1.121e-05  CLKBUF_X1
FE_PHC62_A_0_                  3.701e-05   1.226e-05   6.049e-05   1.121e-05  CLKBUF_X1
FE_PHC48_B_11_                 3.701e-05   1.224e-05   6.046e-05   1.121e-05  CLKBUF_X1
FE_PHC125_B_10_                3.699e-05   1.211e-05   6.031e-05   1.121e-05  CLKBUF_X1
FE_PHC158_B_3_                 3.697e-05     1.2e-05   6.019e-05   1.121e-05  CLKBUF_X1
FE_PHC124_B_12_                3.697e-05   1.198e-05   6.016e-05   1.121e-05  CLKBUF_X1
FE_PHC122_B_3_                 3.697e-05   1.198e-05   6.016e-05   1.121e-05  CLKBUF_X1
FE_PHC150_B_14_                3.696e-05   1.194e-05   6.011e-05   1.121e-05  CLKBUF_X1
FE_PHC160_A_3_                 3.696e-05   1.194e-05   6.011e-05   1.121e-05  CLKBUF_X1
FE_PHC130_B_4_                 3.695e-05   1.189e-05   6.006e-05   1.121e-05  CLKBUF_X1
FE_PHC95_B_3_                  3.694e-05    1.18e-05   5.996e-05   1.121e-05  CLKBUF_X1
FE_PHC153_B_2_                 3.694e-05   1.179e-05   5.994e-05   1.121e-05  CLKBUF_X1
FE_PHC46_A_12_                 3.693e-05   1.176e-05   5.991e-05   1.121e-05  CLKBUF_X1
FE_PHC87_A_2_                  3.693e-05   1.172e-05   5.986e-05   1.121e-05  CLKBUF_X1
FE_PHC89_B_2_                  3.692e-05   1.167e-05   5.981e-05   1.121e-05  CLKBUF_X1
FE_PHC118_B_2_                 3.691e-05   1.159e-05   5.971e-05   1.121e-05  CLKBUF_X1
FE_PHC60_B_12_                  3.69e-05   1.157e-05   5.968e-05   1.121e-05  CLKBUF_X1
FE_PHC53_B_15_                  3.69e-05    1.15e-05   5.961e-05   1.121e-05  CLKBUF_X1
FE_PHC65_B_3_                  3.689e-05    1.15e-05   5.961e-05   1.121e-05  CLKBUF_X1
FE_PHC107_A_4_                 3.689e-05   1.147e-05   5.958e-05   1.121e-05  CLKBUF_X1
FE_PHC64_B_2_                  3.688e-05   1.144e-05   5.954e-05   1.121e-05  CLKBUF_X1
FE_PHC162_A_2_                 3.688e-05   1.143e-05   5.952e-05   1.121e-05  CLKBUF_X1
FE_PHC52_A_13_                 3.688e-05   1.141e-05   5.951e-05   1.121e-05  CLKBUF_X1
FE_PHC59_A_2_                  3.687e-05   1.137e-05   5.946e-05   1.121e-05  CLKBUF_X1
FE_PHC112_A_2_                 3.683e-05   1.109e-05   5.913e-05   1.121e-05  CLKBUF_X1
FE_PHC204_reset                3.683e-05   9.653e-06   5.769e-05   1.121e-05  CLKBUF_X1
FE_PHC49_A_11_                 3.661e-05   9.653e-06   5.747e-05   1.121e-05  CLKBUF_X1
FE_PHC199_reset                 3.66e-05   9.653e-06   5.747e-05   1.121e-05  CLKBUF_X1
FE_PHC200_reset                 3.66e-05   9.653e-06   5.747e-05   1.121e-05  CLKBUF_X1
FE_PHC201_reset                 3.66e-05   9.653e-06   5.747e-05   1.121e-05  CLKBUF_X1
FE_PHC202_reset                 3.66e-05   9.653e-06   5.747e-05   1.121e-05  CLKBUF_X1
FE_PHC203_reset                 3.66e-05   9.653e-06   5.747e-05   1.121e-05  CLKBUF_X1
g810                           2.288e-05     1.4e-05   4.708e-05    1.02e-05  INV_X1

---------------------------------------------------------------------------------------

Total (    522 of    522  )       0.9016      0.4131      1.332     0.01704
Total Capacitance                2.063e-12 F
Power Density                   *** No Die Area ***
