*----------------------------------------------------------------------------------------
*	Encounter 14.14-s028_1 (64bit) 09/15/2014 13:21 (Linux 2.6)
*	
*
* 	Date & Time:	2017-May-15 20:54:43 (2017-May-16 01:54:43 GMT)
*
*----------------------------------------------------------------------------------------
*
*	Design: alu_conv
*
*	Liberty Libraries used: 
*	        /vol/ece303/encounter_tutorial/NangateOpenCellLibrary_typical.lib
*
*	Power Domain used: 
*		Rail:        VDD 	Voltage:        1.1 
*
*       Power View : an
*
*       User-Defined Activity : N.A.
*
*       Activity File: N.A.
*
*       Hierarchical Global Activity: N.A.
*
*       Global Activity: N.A.
*
*       Sequential Element Activity: N.A.
*
*       Primary Input Activity: 0.200000
*
*       Default icg ratio: N.A.
*
*       Global Comb ClockGate Ratio: N.A.
*
*	Power Units = 1mW
*
*	Time Units = 1e-09 secs 
*
*       Temperature = 25 
*
*       report_power -outfile .//alu_conv.rpt -rail_analysis_format VS
*
-----------------------------------------------------------------------------------------
Cell                            Internal   Switching       Total     Leakage   Cell
                                   Power       Power       Power       Power   Name
--------------------------------------------------------------------------------------
g4005                          0.0003509   0.0001093   0.0005358   7.567e-05  FA_X1
g4006                          0.0003466   0.0001133   0.0005355   7.557e-05  FA_X1
g4007                          0.0003379   0.0001116   0.0005249   7.539e-05  FA_X1
g4008                          0.0003205    0.000114   0.0005095   7.501e-05  FA_X1
g2                             0.0003527   8.075e-05   0.0005091   7.572e-05  FA_X1
g4009                          0.0002864   0.0001176   0.0004782   7.426e-05  FA_X1
g4370                          0.0001995   0.0001819   0.0004176   3.612e-05  XOR2_X1
g3818                          0.0001782   0.0001925   0.0004067   3.603e-05  MUX2_X1
g3806                          0.0001817    0.000156   0.0003739   3.622e-05  MUX2_X1
g3812                          0.0001796   0.0001477   0.0003635   3.615e-05  MUX2_X1
drc_bufs4173                   3.766e-05   0.0002966   0.0003629   2.871e-05  INV_X2
drc_bufs4243                   3.767e-05   0.0002861   0.0003525   2.871e-05  INV_X2
g4369                          0.0001866    0.000117   0.0003396   3.599e-05  XOR2_X1
g3897                          0.0001512   0.0001246    0.000337   6.123e-05  HA_X1
g3988                          8.752e-05   0.0002085   0.0003319   3.593e-05  MUX2_X1
g3987                          8.713e-05   0.0001936   0.0003166   3.593e-05  MUX2_X1
g3985                          8.699e-05   0.0001879   0.0003109   3.593e-05  MUX2_X1
g3986                          8.678e-05   0.0001798   0.0003025   3.593e-05  MUX2_X1
g3984                          8.676e-05   0.0001791   0.0003018   3.593e-05  MUX2_X1
g4371                          0.0001617   0.0001014   0.0002989   3.575e-05  XOR2_X1
g3991                          2.763e-05   0.0002399    0.000285   1.739e-05  NAND2_X1
g3990                          5.595e-05   0.0001812   0.0002795    4.24e-05  NOR2_X2
g3825                          0.0001659   7.768e-05   0.0002793   3.578e-05  MUX2_X1
g3981                           8.61e-05   0.0001534   0.0002754   3.593e-05  MUX2_X1
g3893                          0.0001259   0.0001077   0.0002702   3.656e-05  MUX2_X1
g3894                          0.0001257   0.0001024   0.0002634   3.526e-05  MUX2_X1
g3982                          8.575e-05   0.0001398   0.0002615   3.593e-05  MUX2_X1
g3841                          0.0001536   6.963e-05   0.0002585   3.531e-05  MUX2_X1
g3983                          8.544e-05   0.0001276   0.0002489   3.593e-05  MUX2_X1
g3843                          0.0001238   7.126e-05   0.0002476   5.248e-05  OAI221_X1
g3896                           0.000118   9.245e-05   0.0002447   3.422e-05  MUX2_X1
g3895                           0.000118   9.203e-05   0.0002442   3.422e-05  MUX2_X1
drc_bufs4305                   1.908e-05   0.0001995   0.0002329   1.435e-05  INV_X1
g3820                          0.0001008   0.0001046   0.0002312   2.572e-05  OAI21_X1
g3929                          9.295e-05    9.58e-05   0.0002252   3.644e-05  XNOR2_X1
g3863                          0.0001298   5.704e-05   0.0002212   3.436e-05  MUX2_X1
g3919                          9.285e-05   8.949e-05   0.0002188   3.644e-05  XNOR2_X1
g3849                          9.064e-05   9.988e-05   0.0002179   2.741e-05  OAI21_X1
g3804                          0.0001297   5.656e-05   0.0002178   3.156e-05  AOI221_X1
g3928                          9.168e-05   8.923e-05   0.0002174   3.644e-05  XNOR2_X1
g3921                          9.339e-05   8.614e-05   0.0002157   3.616e-05  XOR2_X1
g3934                          6.341e-05   0.0001257   0.0002155   2.642e-05  AOI21_X1
g3930                          9.265e-05   8.503e-05   0.0002141   3.644e-05  XNOR2_X1
g3856                          7.974e-05   7.225e-05   0.0002101   5.814e-05  OAI221_X1
g3830                          9.683e-05   8.645e-05   0.0002096   2.633e-05  OAI21_X1
drc_bufs4233                   1.909e-05   0.0001749   0.0002084   1.435e-05  INV_X1
g3854                           7.97e-05   6.834e-05   0.0002062   5.814e-05  OAI221_X1
g3974                          2.393e-05   0.0001678    0.000206   1.435e-05  INV_X1
g3913                          9.183e-05   7.514e-05   0.0002034   3.644e-05  XNOR2_X1
g3976                          2.414e-05   0.0001635    0.000202   1.435e-05  INV_X1
g3875                          0.0001238   4.249e-05      0.0002   3.371e-05  XNOR2_X1
g3977                          2.415e-05     0.00016   0.0001985   1.435e-05  INV_X1
g3794                          0.0001036   4.271e-05   0.0001985   5.216e-05  OAI221_X1
g3933                           6.06e-05   0.0001052   0.0001965   3.072e-05  OAI21_X1
g3931                          6.066e-05   0.0001009   0.0001923   3.072e-05  OAI21_X1
g3971                          4.126e-05    0.000124   0.0001905   2.533e-05  AND2_X1
g3814                          0.0001019   6.426e-05   0.0001905   2.435e-05  OAI21_X1
g3874                          7.934e-05   7.544e-05   0.0001841   2.933e-05  OAI21_X1
g3824                          0.0001118   2.305e-05   0.0001839   4.905e-05  OAI211_X1
g3817                          0.0001157   1.544e-05   0.0001802   4.905e-05  OAI211_X1
g3883                          0.0001076   3.646e-05   0.0001797    3.56e-05  MUX2_X1
g3973                           1.99e-05     0.00014   0.0001757   1.577e-05  NAND2_X1
g3821                          9.845e-05   5.305e-05   0.0001754   2.389e-05  OAI21_X1
g3832                          0.0001034   4.842e-05   0.0001747   2.289e-05  AOI21_X1
g3938                          3.445e-05   8.226e-05   0.0001741   5.739e-05  NOR3_X2
g3939                          9.957e-05   3.526e-05   0.0001708   3.593e-05  MUX2_X1
g3908                          7.438e-05   6.165e-05   0.0001691   3.309e-05  OAI22_X1
g3909                          8.876e-05   4.129e-05   0.0001683   3.822e-05  MUX2_X1
g3916                          3.814e-05   0.0001028   0.0001675   2.656e-05  NAND2_X1
g3831                          9.336e-05   4.992e-05   0.0001664   2.308e-05  OAI21_X1
g3932                          6.051e-05   7.421e-05   0.0001654   3.072e-05  OAI21_X1
g3796                          8.331e-05   5.696e-05   0.0001653   2.501e-05  AOI21_X1
g3813                          0.0001018   3.784e-05    0.000165   2.537e-05  OAI21_X1
g3799                          8.783e-05     4.1e-05   0.0001627   3.388e-05  OAI221_X1
g3793                          8.342e-05   5.408e-05   0.0001625   2.501e-05  AOI21_X1
g3978                          2.415e-05   0.0001221   0.0001607   1.435e-05  INV_X1
g3935                          6.041e-05   6.633e-05   0.0001575   3.072e-05  OAI21_X1
g3811                           9.89e-05   2.086e-05   0.0001539   3.417e-05  OAI21_X1
g3855                          6.517e-05   5.165e-05   0.0001535   3.669e-05  OAI21_X1
g3828                          7.866e-05   3.647e-05    0.000151   3.587e-05  AOI221_X1
g3853                          8.328e-05   4.493e-05   0.0001498   2.164e-05  OAI21_X1
g3889                          4.265e-05    8.43e-05   0.0001474   2.046e-05  NOR2_X1
g3917                          3.804e-05   8.275e-05   0.0001474   2.656e-05  NAND2_X1
g3797                          6.572e-05   2.925e-05   0.0001472    5.22e-05  OAI211_X1
g3801                          6.529e-05   2.963e-05   0.0001471   5.223e-05  OAI211_X1
g3873                          6.056e-05   4.377e-05   0.0001465   4.214e-05  AOI222_X1
g3808                          6.562e-05   4.042e-05   0.0001421   3.602e-05  OAI21_X1
g3802                           6.56e-05   3.887e-05   0.0001406   3.613e-05  OAI21_X1
g3798                          6.556e-05   3.848e-05   0.0001402   3.619e-05  OAI21_X1
g3833                          7.852e-05   3.491e-05   0.0001399   2.645e-05  AOI221_X1
g3872                          6.048e-05   3.712e-05   0.0001397   4.214e-05  AOI222_X1
g3922                          3.792e-05   7.409e-05   0.0001386   2.656e-05  NAND2_X1
g3834                          7.877e-05   3.453e-05   0.0001383   2.503e-05  AOI221_X1
g3829                          5.717e-05   2.615e-05   0.0001379   5.458e-05  OAI211_X1
g3936                          3.046e-05   7.904e-05   0.0001361   2.657e-05  AND3_X1
g3871                          6.042e-05   3.294e-05   0.0001355   4.214e-05  AOI222_X1
g3966                          3.093e-05   8.464e-05    0.000133   1.739e-05  NAND2_X1
g3914                          3.797e-05   6.837e-05   0.0001329   2.656e-05  NAND2_X1
g3885                          3.677e-05   8.008e-05   0.0001317   1.488e-05  INV_X1
g3870                          6.033e-05   2.806e-05   0.0001305   4.214e-05  AOI222_X1
g3992                          2.791e-05   8.117e-05   0.0001303    2.12e-05  NOR2_X1
g3979                          2.441e-05   9.147e-05   0.0001302   1.435e-05  INV_X1
g3975                          2.387e-05    9.12e-05   0.0001294   1.435e-05  INV_X1
g3980                          2.468e-05   8.872e-05   0.0001278   1.435e-05  INV_X1
g3963                          3.102e-05   7.427e-05   0.0001265    2.12e-05  NOR2_X1
g3918                          3.781e-05   6.199e-05   0.0001264   2.656e-05  NAND2_X1
g3937                          6.258e-05   3.648e-05   0.0001255   2.642e-05  AOI21_X1
g3869                          5.597e-05   2.413e-05   0.0001224   4.229e-05  AOI222_X1
g3927                          3.787e-05   5.767e-05   0.0001221   2.656e-05  NAND2_X1
g3882                          6.628e-05   3.668e-05    0.000122   1.907e-05  OAI21_X1
drc_bufs4374                   1.927e-05   8.198e-05   0.0001156   1.435e-05  INV_X1
g3965                           3.14e-05   6.496e-05   0.0001137   1.739e-05  NAND2_X1
g4372                          4.035e-05   3.431e-05   0.0001108   3.616e-05  AOI222_X1
g3960                          3.053e-05   6.266e-05   0.0001106   1.739e-05  NAND2_X1
drc_bufs4223                   1.939e-05   7.176e-05   0.0001055   1.435e-05  INV_X1
g3967                          3.162e-05   5.622e-05   0.0001052   1.739e-05  NAND2_X1
g3954                          2.117e-05   6.706e-05   0.0001047   1.648e-05  INV_X1
g3964                          3.076e-05   5.272e-05   0.0001047    2.12e-05  NOR2_X1
g3803                           5.39e-05   3.203e-05   0.0001022   1.628e-05  INV_X1
g3957                          3.081e-05     5.4e-05   0.0001022   1.739e-05  NAND2_X1
g3961                          3.091e-05   5.352e-05   0.0001018   1.739e-05  NAND2_X1
g3952                          3.089e-05   5.171e-05   9.999e-05   1.739e-05  NAND2_X1
g3962                          3.122e-05   5.098e-05   9.959e-05   1.739e-05  NAND2_X1
g3958                          3.098e-05   5.065e-05   9.903e-05   1.739e-05  NAND2_X1
drc_bufs4203                   1.935e-05   6.528e-05   9.898e-05   1.435e-05  INV_X1
g3827                          6.447e-05   6.256e-06   9.869e-05   2.796e-05  NAND2_X1
g3959                          3.029e-05    5.08e-05   9.849e-05   1.739e-05  NAND2_X1
g3886                          3.687e-05   4.393e-05   9.462e-05   1.382e-05  INV_X1
g3887                          3.422e-05   4.732e-05   9.457e-05   1.303e-05  INV_X1
drc_bufs4193                   1.931e-05   6.042e-05   9.409e-05   1.435e-05  INV_X1
g3994                          2.807e-05   4.375e-05   9.302e-05    2.12e-05  NOR2_X1
g3839                          5.055e-05    2.61e-05   9.226e-05   1.562e-05  AOI22_X1
g3970                          1.425e-05   5.868e-05   9.047e-05   1.754e-05  INV_X1
drc_bufs4183                   1.929e-05   5.636e-05       9e-05   1.435e-05  INV_X1
g3888                          3.419e-05   3.996e-05   8.717e-05   1.303e-05  INV_X1
g3892                          3.574e-05   1.849e-05   8.288e-05   2.865e-05  AOI22_X1
g3891                          3.572e-05   1.787e-05   8.225e-05   2.865e-05  AOI22_X1
g3968                          3.103e-05   2.566e-05   7.788e-05    2.12e-05  NOR2_X1
g3795                          4.066e-05   1.947e-05   7.642e-05   1.628e-05  INV_X1
g3989                          1.952e-05   4.396e-05   7.572e-05   1.223e-05  INV_X1
g3956                          2.145e-05   4.085e-05   7.453e-05   1.223e-05  INV_X1
g3847                          2.291e-06   1.071e-06   7.351e-05   7.015e-05  OAI221_X1
g3912                          2.734e-05   2.268e-05   7.288e-05   2.286e-05  AND2_X1
g3792                          4.063e-05    1.58e-05   7.271e-05   1.628e-05  INV_X1
g3905                          2.686e-05   2.216e-05    7.11e-05   2.208e-05  NOR2_X1
g3972                          2.029e-05   3.447e-05   7.052e-05   1.577e-05  NAND2_X1
g3904                            2.7e-05   2.061e-05   6.968e-05   2.208e-05  NOR2_X1
g3846                          6.246e-06   2.134e-06   6.925e-05   6.087e-05  AOI222_X2
g3925                          3.258e-05   2.176e-05   6.816e-05   1.382e-05  INV_X1
g3906                          2.701e-05   1.907e-05   6.816e-05   2.208e-05  NOR2_X1
drc_bufs4163                   1.908e-05   3.453e-05   6.796e-05   1.435e-05  INV_X1
g3953                          2.134e-05     2.4e-05   6.182e-05   1.648e-05  INV_X1
g3993                          2.757e-05   1.245e-05   6.122e-05    2.12e-05  NOR2_X1
g3955                          2.135e-05   2.238e-05   6.021e-05   1.648e-05  INV_X1
g3969                          1.924e-05   1.333e-05    5.97e-05   2.712e-05  AND4_X1
g3861                          5.037e-06   3.896e-06   5.789e-05   4.896e-05  OAI22_X1
g3859                          5.794e-06   3.498e-06   5.703e-05   4.774e-05  OAI22_X1
g3862                          5.796e-06   3.409e-06   5.695e-05   4.774e-05  OAI22_X1
g3860                          5.021e-06   2.793e-06   5.678e-05   4.896e-05  OAI22_X1
g3900                          1.505e-05   1.238e-05   5.066e-05   2.323e-05  NOR2_X1
g3807                          2.219e-05   1.897e-05   4.839e-05    7.23e-06  NAND2_X1
g3800                          2.243e-05   1.856e-05   4.824e-05   7.244e-06  NAND2_X1
g3911                          9.691e-06   1.252e-05   4.777e-05   2.555e-05  AND2_X1
g3920                          1.647e-05   7.859e-06   4.596e-05   2.163e-05  AND2_X1
g3915                          4.766e-06   2.518e-05   4.429e-05   1.434e-05  NAND2_X1
g3926                           9.74e-06   2.102e-05   4.139e-05   1.063e-05  INV_X1
g3899                           5.74e-06    9.73e-06   4.104e-05   2.557e-05  AND2_X1
g3868                          1.189e-06   2.681e-06   4.098e-05   3.712e-05  NAND2_X1
g3844                          3.104e-06   2.169e-06   3.897e-05    3.37e-05  AOI221_X1
g3903                          2.693e-06   1.118e-05   3.791e-05   2.404e-05  NOR2_X1
g3840                          3.847e-06   1.943e-06   3.622e-05   3.043e-05  AOI222_X1
g3902                          3.307e-06   5.582e-06   3.184e-05   2.295e-05  AND2_X1
g3876                          1.874e-06   4.136e-06   3.159e-05   2.558e-05  AND2_X1
g3838                          1.779e-06   1.172e-06   3.072e-05   2.777e-05  AOI222_X1
g3878                          1.755e-06   1.304e-06   2.864e-05   2.558e-05  AND2_X1
g3864                           1.01e-06   1.435e-06   2.803e-05   2.559e-05  AND2_X1
g3851                          8.145e-07   6.261e-07   2.706e-05   2.562e-05  AOI22_X1
g3850                          8.141e-07   6.013e-07   2.704e-05   2.562e-05  AOI22_X1
g3879                          8.418e-07    1.71e-06   2.666e-05   2.411e-05  NOR2_X1
g3867                          4.695e-07   1.514e-06    2.61e-05   2.412e-05  NOR2_X1
g3865                          4.694e-07    1.42e-06   2.601e-05   2.412e-05  NOR2_X1
g3890                          9.893e-07   4.304e-07   2.479e-05   2.337e-05  AND3_X1
g3835                           3.52e-06   1.852e-06    2.43e-05   1.892e-05  AOI21_X1
g3877                          1.571e-06   6.173e-06   2.194e-05   1.419e-05  NAND2_X1
g3845                          1.449e-06   1.419e-06   2.145e-05   1.858e-05  INV_X1
g3898                          1.172e-06   8.279e-07   2.057e-05   1.857e-05  INV_X1
g3866                          4.536e-07   4.143e-07   1.369e-05   1.282e-05  NAND2_X1
g3901                          1.589e-06   2.874e-06   1.333e-05   8.868e-06  NAND2_X1
g3852                          2.619e-07   2.166e-07   1.329e-05   1.281e-05  NAND2_X1
g3881                          8.977e-07   2.899e-06   1.264e-05   8.839e-06  NAND2_X1
g3880                          8.964e-07   2.517e-06   1.225e-05   8.839e-06  NAND2_X1

---------------------------------------------------------------------------------------

Total (    191 of    191  )      0.01172     0.01209    0.02938    0.005571
Total Capacitance                 8.85e-13 F
Power Density                   *** No Die Area ***
