irun: *W,BADPRF: The linedebug option may have an adverse performance impact.
alu_conv doubile (
               |
ncelab: *W,CUVWSB (./alu_conv_test.v,9|15): 2 inout ports were not connected:
ncelab: (./alu_conv_nophy.v,739): VDD
ncelab: (./alu_conv_nophy.v,740): VSS

	Top level design units:
		alu_conv_test
		AND2_X4
		AND3_X1
		AND3_X2
		AND4_X1
		AND4_X2
		AND4_X4
		ANTENNA_X1
		AOI211_X1
		AOI211_X2
		AOI211_X4
		AOI21_X2
		AOI221_X1
		AOI221_X2
		AOI221_X4
		AOI222_X2
		AOI222_X4
		AOI22_X2
		AOI22_X4
		BUF_X16
		BUF_X2
		BUF_X32
		BUF_X8
		CLKBUF_X2
		CLKGATETST_X1
		CLKGATETST_X2
		CLKGATETST_X4
		CLKGATETST_X8
		CLKGATE_X1
		CLKGATE_X2
		CLKGATE_X4
		CLKGATE_X8
		DFFRS_X1
		DFFRS_X2
		DFFR_X1
		DFFR_X2
		DFFS_X1
		DFFS_X2
		DFF_X2
		DLH_X1
		DLH_X2
		DLL_X1
		DLL_X2
		FILLCELL_X1
		FILLCELL_X2
		FILLCELL_X4
		FILLCELL_X8
		FILLCELL_X16
		FILLCELL_X32
		INV_X16
		INV_X2
		INV_X32
		INV_X4
		INV_X8
		LOGIC0_X1
		LOGIC1_X1
		MUX2_X2
		NAND2_X2
		NAND3_X2
		NAND3_X4
		NAND4_X1
		NAND4_X2
		NAND4_X4
		NOR2_X2
		NOR2_X4
		NOR3_X1
		NOR3_X2
		NOR3_X4
		NOR4_X1
		NOR4_X2
		NOR4_X4
		OAI211_X1
		OAI211_X2
		OAI211_X4
		OAI21_X2
		OAI21_X4
		OAI221_X1
		OAI221_X2
		OAI221_X4
		OAI222_X1
		OAI222_X2
		OAI222_X4
		OAI22_X1
		OAI22_X2
		OAI22_X4
		OAI33_X1
		OR2_X2
		OR3_X1
		OR3_X2
		OR3_X4
		OR4_X1
		OR4_X2
		OR4_X4
		SDFFRS_X1
		SDFFRS_X2
		SDFFR_X1
		SDFFR_X2
		SDFFS_X1
		SDFFS_X2
		SDFF_X1
		SDFF_X2
		TBUF_X1
		TBUF_X16
		TBUF_X2
		TBUF_X4
		TBUF_X8
		TINV_X1
		TLAT_X1
		XNOR2_X2
		XOR2_X2

-------------------------------------
Relinquished control to SimVision...
ncsim> 
ncsim> source /vol/cadence2014/INCISIV141/tools/inca/files/ncsimrc
ncsim> run
Simulation complete via $finish(1) at time 60 NS + 0
./alu_conv_test.v:49                 #40  $finish;
ncsim> reset
Loaded snapshot worklib.alu_conv_test:v
ncsim> database -open waves -into waves.shm -default
Created default SHM database waves
ncsim> probe -create -shm alu_conv_test.A alu_conv_test.B alu_conv_test.clk alu_conv_test.Y alu_conv_test.reset
Created probe 1
ncsim> run
Simulation complete via $finish(1) at time 60 NS + 0
./alu_conv_test.v:49                 #40  $finish;
ncsim> ...Regained control from SimVision
-------------------------------------

ncsim> 