======================================================================

Annotating SDF timing data:
  Compiled SDF file:     alu_conv.sdf.X
  Log file:              sdf_alu_conv.log
  Backannotation scope:  alu_conv_test.doubile
  Configuration file:    
  MTM control:           
  Scale factors:         
  Scale type:            

Time units: 1ns

ncelab: *W,SDFINF: Instance g3794 not found at scope level <top-level> <./alu_conv.sdf, line 505>.
ncelab: *W,SDFAND: Attempted INTERCONNECT annotation to non-existent destination port out[0] at scope level  <./alu_conv.sdf, line 19>.
ncelab: *W,SDFINF: Instance g3792 not found at scope level <top-level> <./alu_conv.sdf, line 21>.
ncelab: *W,SDFAND: Attempted INTERCONNECT annotation to non-existent destination port out[7] at scope level  <./alu_conv.sdf, line 20>.
ncelab: *W,SDFINF: Instance g3793 not found at scope level <top-level> <./alu_conv.sdf, line 207>.
ncelab: *W,SDFINF: Instance g3799 not found at scope level <top-level> <./alu_conv.sdf, line 515>.
ncelab: *W,SDFINF: Instance g3797 not found at scope level <top-level> <./alu_conv.sdf, line 506>.
ncelab: *W,SDFINF: Instance g3795 not found at scope level <top-level> <./alu_conv.sdf, line 26>.
ncelab: *W,SDFAND: Attempted INTERCONNECT annotation to non-existent destination port out[6] at scope level  <./alu_conv.sdf, line 24>.
ncelab: *W,SDFINF: Instance g3798 not found at scope level <top-level> <./alu_conv.sdf, line 314>.
ncelab: *W,SDFINF: Instance g3796 not found at scope level <top-level> <./alu_conv.sdf, line 202>.
ncelab: *W,SDFINF: Instance g3800 not found at scope level <top-level> <./alu_conv.sdf, line 154>.
ncelab: *W,SDFINF: Instance g3806 not found at scope level <top-level> <./alu_conv.sdf, line 412>.
ncelab: *W,SDFINF: Instance g3801 not found at scope level <top-level> <./alu_conv.sdf, line 507>.
ncelab: *W,SDFINF: Instance g3802 not found at scope level <top-level> <./alu_conv.sdf, line 315>.
ncelab: *W,SDFINF: Instance g3803 not found at scope level <top-level> <./alu_conv.sdf, line 33>.
ncelab: *W,SDFAND: Attempted INTERCONNECT annotation to non-existent destination port out[5] at scope level  <./alu_conv.sdf, line 32>.
ncelab: *W,SDFINF: Instance g3804 not found at scope level <top-level> <./alu_conv.sdf, line 211>.
ncelab: *W,SDFINF: Instance g3807 not found at scope level <top-level> <./alu_conv.sdf, line 155>.
ncelab: *W,SDFINF: Instance g3812 not found at scope level <top-level> <./alu_conv.sdf, line 413>.
ncelab: *W,SDFINF: Instance g3813 not found at scope level <top-level> <./alu_conv.sdf, line 394>.
ncelab: *W,SDFINF: Instance g3808 not found at scope level <top-level> <./alu_conv.sdf, line 316>.
ncelab: *W,SDFINF: Instance g3814 not found at scope level <top-level> <./alu_conv.sdf, line 463>.
ncelab: *W,SDFINF: Instance g3811 not found at scope level <top-level> <./alu_conv.sdf, line 429>.
ncelab: *W,SDFAND: Attempted INTERCONNECT annotation to non-existent destination port out[4] at scope level  <./alu_conv.sdf, line 40>.
ncelab: *W,SDFINF: Instance g3820 not found at scope level <top-level> <./alu_conv.sdf, line 402>.
ncelab: *W,SDFINF: Instance g3818 not found at scope level <top-level> <./alu_conv.sdf, line 414>.
ncelab: *W,SDFINF: Instance g3817 not found at scope level <top-level> <./alu_conv.sdf, line 428>.
ncelab: *W,SDFAND: Attempted INTERCONNECT annotation to non-existent destination port out[3] at scope level  <./alu_conv.sdf, line 45>.
ncelab: *W,SDFINF: Instance g3821 not found at scope level <top-level> <./alu_conv.sdf, line 468>.
ncelab: *W,SDFINF: Instance g3825 not found at scope level <top-level> <./alu_conv.sdf, line 415>.
ncelab: *W,SDFINF: Instance g4370 not found at scope level <top-level> <./alu_conv.sdf, line 429>.
ncelab: *W,SDFINF: Instance g3828 not found at scope level <top-level> <./alu_conv.sdf, line 422>.
ncelab: *W,SDFINF: Instance g3829 not found at scope level <top-level> <./alu_conv.sdf, line 508>.
ncelab: *W,SDFINF: Instance g3830 not found at scope level <top-level> <./alu_conv.sdf, line 396>.
ncelab: *W,SDFINF: Instance g3827 not found at scope level <top-level> <./alu_conv.sdf, line 57>.
ncelab: *W,SDFAND: Attempted INTERCONNECT annotation to non-existent destination port out[1] at scope level  <./alu_conv.sdf, line 52>.
ncelab: *W,SDFINF: Instance g3824 not found at scope level <top-level> <./alu_conv.sdf, line 430>.
ncelab: *W,SDFAND: Attempted INTERCONNECT annotation to non-existent destination port out[2] at scope level  <./alu_conv.sdf, line 53>.
ncelab: *W,SDFINF: Instance g3831 not found at scope level <top-level> <./alu_conv.sdf, line 472>.
ncelab: *W,SDFINF: Instance g3832 not found at scope level <top-level> <./alu_conv.sdf, line 177>.
ncelab: *W,SDFINF: Instance g3835 not found at scope level <top-level> <./alu_conv.sdf, line 354>.
ncelab: *W,SDFINF: Instance g3838 not found at scope level <top-level> <./alu_conv.sdf, line 199>.
ncelab: *W,SDFINF: Instance g3840 not found at scope level <top-level> <./alu_conv.sdf, line 355>.
ncelab: *W,SDFINF: Instance g3845 not found at scope level <top-level> <./alu_conv.sdf, line 64>.
ncelab: *W,SDFINF: Instance g3839 not found at scope level <top-level> <./alu_conv.sdf, line 366>.
ncelab: *W,SDFINF: Instance g3841 not found at scope level <top-level> <./alu_conv.sdf, line 416>.
ncelab: *W,SDFINF: Instance g4369 not found at scope level <top-level> <./alu_conv.sdf, line 428>.
ncelab: *W,SDFINF: Instance g3843 not found at scope level <top-level> <./alu_conv.sdf, line 320>.
ncelab: *W,SDFINF: Instance g3844 not found at scope level <top-level> <./alu_conv.sdf, line 188>.
ncelab: *W,SDFINF: Instance g3846 not found at scope level <top-level> <./alu_conv.sdf, line 190>.
ncelab: *W,SDFINF: Instance g3847 not found at scope level <top-level> <./alu_conv.sdf, line 260>.
ncelab: *W,SDFINF: Instance g3849 not found at scope level <top-level> <./alu_conv.sdf, line 399>.
ncelab: *W,SDFINF: Instance g3850 not found at scope level <top-level> <./alu_conv.sdf, line 192>.
ncelab: *W,SDFINF: Instance g3851 not found at scope level <top-level> <./alu_conv.sdf, line 186>.
ncelab: *W,SDFINF: Instance g3852 not found at scope level <top-level> <./alu_conv.sdf, line 181>.
ncelab: *W,SDFINF: Instance g3834 not found at scope level <top-level> <./alu_conv.sdf, line 150>.
ncelab: *W,SDFINF: Instance g3853 not found at scope level <top-level> <./alu_conv.sdf, line 476>.
ncelab: *W,SDFINF: Instance g3859 not found at scope level <top-level> <./alu_conv.sdf, line 293>.
ncelab: *W,SDFINF: Instance g3860 not found at scope level <top-level> <./alu_conv.sdf, line 289>.
ncelab: *W,SDFINF: Instance g3861 not found at scope level <top-level> <./alu_conv.sdf, line 299>.
ncelab: *W,SDFINF: Instance g3833 not found at scope level <top-level> <./alu_conv.sdf, line 160>.
ncelab: *W,SDFINF: Instance g3862 not found at scope level <top-level> <./alu_conv.sdf, line 282>.
ncelab: *W,SDFINF: Instance g3866 not found at scope level <top-level> <./alu_conv.sdf, line 185>.
ncelab: *W,SDFINF: Instance g3864 not found at scope level <top-level> <./alu_conv.sdf, line 423>.
ncelab: *W,SDFINF: Instance g3865 not found at scope level <top-level> <./alu_conv.sdf, line 509>.
ncelab: *W,SDFINF: Instance g3867 not found at scope level <top-level> <./alu_conv.sdf, line 510>.
ncelab: *W,SDFINF: Instance g3868 not found at scope level <top-level> <./alu_conv.sdf, line 122>.
ncelab: *W,SDFINF: Instance g4372 not found at scope level <top-level> <./alu_conv.sdf, line 431>.
ncelab: *W,SDFINF: Instance g3885 not found at scope level <top-level> <./alu_conv.sdf, line 106>.
ncelab: *W,SDFINF: Instance g3855 not found at scope level <top-level> <./alu_conv.sdf, line 277>.
ncelab: *W,SDFINF: Instance g3863 not found at scope level <top-level> <./alu_conv.sdf, line 417>.
ncelab: *W,SDFINF: Instance g4371 not found at scope level <top-level> <./alu_conv.sdf, line 430>.
ncelab: *W,SDFINF: Instance g3874 not found at scope level <top-level> <./alu_conv.sdf, line 380>.
ncelab: *W,SDFINF: Instance g3875 not found at scope level <top-level> <./alu_conv.sdf, line 196>.
ncelab: *W,SDFINF: Instance g3876 not found at scope level <top-level> <./alu_conv.sdf, line 486>.
ncelab: *W,SDFINF: Instance g3883 not found at scope level <top-level> <./alu_conv.sdf, line 516>.
ncelab: *W,SDFINF: Instance g3886 not found at scope level <top-level> <./alu_conv.sdf, line 124>.
ncelab: *W,SDFINF: Instance g3887 not found at scope level <top-level> <./alu_conv.sdf, line 126>.
ncelab: *W,SDFINF: Instance g3888 not found at scope level <top-level> <./alu_conv.sdf, line 128>.
ncelab: *W,SDFINF: Instance g3890 not found at scope level <top-level> <./alu_conv.sdf, line 356>.
ncelab: *W,SDFINF: Instance g3893 not found at scope level <top-level> <./alu_conv.sdf, line 487>.
ncelab: *W,SDFINF: Instance g3854 not found at scope level <top-level> <./alu_conv.sdf, line 400>.
ncelab: *W,SDFINF: Instance g3856 not found at scope level <top-level> <./alu_conv.sdf, line 397>.
ncelab: *W,SDFINF: Instance g3877 not found at scope level <top-level> <./alu_conv.sdf, line 497>.
ncelab: *W,SDFINF: Instance g3878 not found at scope level <top-level> <./alu_conv.sdf, line 488>.
ncelab: *W,SDFINF: Instance g3879 not found at scope level <top-level> <./alu_conv.sdf, line 511>.
ncelab: *W,SDFINF: Instance g3880 not found at scope level <top-level> <./alu_conv.sdf, line 357>.
ncelab: *W,SDFINF: Instance g3881 not found at scope level <top-level> <./alu_conv.sdf, line 304>.
ncelab: *W,SDFINF: Instance g3894 not found at scope level <top-level> <./alu_conv.sdf, line 489>.
ncelab: *W,SDFINF: Instance g3895 not found at scope level <top-level> <./alu_conv.sdf, line 490>.
ncelab: *W,SDFINF: Instance g3896 not found at scope level <top-level> <./alu_conv.sdf, line 491>.
ncelab: *W,SDFINF: Instance g3898 not found at scope level <top-level> <./alu_conv.sdf, line 145>.
ncelab: *W,SDFINF: Instance g3900 not found at scope level <top-level> <./alu_conv.sdf, line 244>.
ncelab: *W,SDFINF: Instance g3873 not found at scope level <top-level> <./alu_conv.sdf, line 459>.
ncelab: *W,SDFINF: Instance g3869 not found at scope level <top-level> <./alu_conv.sdf, line 480>.
ncelab: *W,SDFINF: Instance g3870 not found at scope level <top-level> <./alu_conv.sdf, line 492>.
ncelab: *W,SDFINF: Instance g3871 not found at scope level <top-level> <./alu_conv.sdf, line 464>.
ncelab: *W,SDFINF: Instance g3872 not found at scope level <top-level> <./alu_conv.sdf, line 469>.
ncelab: *W,SDFINF: Instance g3882 not found at scope level <top-level> <./alu_conv.sdf, line 481>.
ncelab: *W,SDFINF: Instance g3889 not found at scope level <top-level> <./alu_conv.sdf, line 197>.
ncelab: *W,SDFINF: Instance g4009 not found at scope level <top-level> <./alu_conv.sdf, line 484>.
ncelab: *W,SDFINF: Instance g3891 not found at scope level <top-level> <./alu_conv.sdf, line 344>.
ncelab: *W,SDFINF: Instance g3892 not found at scope level <top-level> <./alu_conv.sdf, line 309>.
ncelab: *W,SDFINF: Instance g3899 not found at scope level <top-level> <./alu_conv.sdf, line 432>.
ncelab: *W,SDFINF: Instance g3901 not found at scope level <top-level> <./alu_conv.sdf, line 358>.
ncelab: *W,SDFINF: Instance g3902 not found at scope level <top-level> <./alu_conv.sdf, line 305>.
ncelab: *W,SDFINF: Instance g3903 not found at scope level <top-level> <./alu_conv.sdf, line 493>.
ncelab: *W,SDFINF: Instance g3909 not found at scope level <top-level> <./alu_conv.sdf, line 418>.
ncelab: *W,SDFINF: Instance g3904 not found at scope level <top-level> <./alu_conv.sdf, line 321>.
ncelab: *W,SDFINF: Instance g3905 not found at scope level <top-level> <./alu_conv.sdf, line 322>.
ncelab: *W,SDFINF: Instance g3906 not found at scope level <top-level> <./alu_conv.sdf, line 323>.
ncelab: *W,SDFINF: Instance g3908 not found at scope level <top-level> <./alu_conv.sdf, line 433>.
ncelab: *W,SDFINF: Instance g3912 not found at scope level <top-level> <./alu_conv.sdf, line 359>.
ncelab: *W,SDFINF: Instance g3920 not found at scope level <top-level> <./alu_conv.sdf, line 232>.
ncelab: *W,SDFINF: Instance g3925 not found at scope level <top-level> <./alu_conv.sdf, line 187>.
ncelab: *W,SDFINF: Instance g3927 not found at scope level <top-level> <./alu_conv.sdf, line 256>.
ncelab: *W,SDFINF: Instance g3934 not found at scope level <top-level> <./alu_conv.sdf, line 498>.
ncelab: *W,SDFINF: Instance g3911 not found at scope level <top-level> <./alu_conv.sdf, line 381>.
ncelab: *W,SDFINF: Instance g3914 not found at scope level <top-level> <./alu_conv.sdf, line 254>.
ncelab: *W,SDFINF: Instance g3915 not found at scope level <top-level> <./alu_conv.sdf, line 482>.
ncelab: *W,SDFINF: Instance g3916 not found at scope level <top-level> <./alu_conv.sdf, line 270>.
ncelab: *W,SDFINF: Instance g3917 not found at scope level <top-level> <./alu_conv.sdf, line 246>.
ncelab: *W,SDFINF: Instance g3918 not found at scope level <top-level> <./alu_conv.sdf, line 266>.
ncelab: *W,SDFINF: Instance g3922 not found at scope level <top-level> <./alu_conv.sdf, line 267>.
ncelab: *W,SDFINF: Instance g3931 not found at scope level <top-level> <./alu_conv.sdf, line 382>.
ncelab: *W,SDFINF: Instance g3932 not found at scope level <top-level> <./alu_conv.sdf, line 383>.
ncelab: *W,SDFINF: Instance g3933 not found at scope level <top-level> <./alu_conv.sdf, line 384>.
ncelab: *W,SDFINF: Instance g3935 not found at scope level <top-level> <./alu_conv.sdf, line 385>.
ncelab: *W,SDFINF: Instance g3937 not found at scope level <top-level> <./alu_conv.sdf, line 494>.
ncelab: *W,SDFINF: Instance g3897 not found at scope level <top-level> <./alu_conv.sdf, line 434>.
ncelab: *W,SDFINF: Instance g3953 not found at scope level <top-level> <./alu_conv.sdf, line 236>.
ncelab: *W,SDFINF: Instance g3970 not found at scope level <top-level> <./alu_conv.sdf, line 245>.
ncelab: *W,SDFINF: Instance g3913 not found at scope level <top-level> <./alu_conv.sdf, line 395>.
ncelab: *W,SDFINF: Instance g3955 not found at scope level <top-level> <./alu_conv.sdf, line 261>.
ncelab: *W,SDFINF: Instance g3919 not found at scope level <top-level> <./alu_conv.sdf, line 477>.
ncelab: *W,SDFINF: Instance g3921 not found at scope level <top-level> <./alu_conv.sdf, line 460>.
ncelab: *W,SDFINF: Instance g3926 not found at scope level <top-level> <./alu_conv.sdf, line 253>.
ncelab: *W,SDFINF: Instance g3928 not found at scope level <top-level> <./alu_conv.sdf, line 403>.
ncelab: *W,SDFINF: Instance g3929 not found at scope level <top-level> <./alu_conv.sdf, line 473>.
ncelab: *W,SDFINF: Instance g3930 not found at scope level <top-level> <./alu_conv.sdf, line 483>.
ncelab: *W,SDFINF: Instance g3938 not found at scope level <top-level> <./alu_conv.sdf, line 424>.
ncelab: *W,SDFINF: Instance g3939 not found at scope level <top-level> <./alu_conv.sdf, line 499>.
ncelab: *W,SDFINF: Instance g3954 not found at scope level <top-level> <./alu_conv.sdf, line 257>.
ncelab: *W,SDFINF: Instance g3956 not found at scope level <top-level> <./alu_conv.sdf, line 265>.
ncelab: *W,SDFINF: Instance g3963 not found at scope level <top-level> <./alu_conv.sdf, line 500>.
ncelab: *W,SDFINF: Instance g3967 not found at scope level <top-level> <./alu_conv.sdf, line 501>.
ncelab: *W,SDFINF: Instance g3957 not found at scope level <top-level> <./alu_conv.sdf, line 386>.
ncelab: *W,SDFINF: Instance g3971 not found at scope level <top-level> <./alu_conv.sdf, line 512>.
ncelab: *W,SDFINF: Instance g3972 not found at scope level <top-level> <./alu_conv.sdf, line 425>.
ncelab: *W,SDFINF: Instance g3952 not found at scope level <top-level> <./alu_conv.sdf, line 387>.
ncelab: *W,SDFINF: Instance g3936 not found at scope level <top-level> <./alu_conv.sdf, line 513>.
ncelab: *W,SDFINF: Instance g3958 not found at scope level <top-level> <./alu_conv.sdf, line 388>.
ncelab: *W,SDFINF: Instance g3959 not found at scope level <top-level> <./alu_conv.sdf, line 389>.
ncelab: *W,SDFINF: Instance g3960 not found at scope level <top-level> <./alu_conv.sdf, line 390>.
ncelab: *W,SDFINF: Instance g3961 not found at scope level <top-level> <./alu_conv.sdf, line 391>.
ncelab: *W,SDFINF: Instance g3962 not found at scope level <top-level> <./alu_conv.sdf, line 392>.
ncelab: *W,SDFINF: Instance g3964 not found at scope level <top-level> <./alu_conv.sdf, line 393>.
ncelab: *W,SDFINF: Instance g3965 not found at scope level <top-level> <./alu_conv.sdf, line 502>.
ncelab: *W,SDFINF: Instance g3966 not found at scope level <top-level> <./alu_conv.sdf, line 503>.
ncelab: *W,SDFINF: Instance g3969 not found at scope level <top-level> <./alu_conv.sdf, line 404>.
ncelab: *W,SDFINF: Instance g3973 not found at scope level <top-level> <./alu_conv.sdf, line 406>.
ncelab: *W,SDFINF: Instance g3968 not found at scope level <top-level> <./alu_conv.sdf, line 495>.
ncelab: *W,SDFINF: Instance g3977 not found at scope level <top-level> <./alu_conv.sdf, line 342>.
ncelab: *W,SDFINF: Instance g4005 not found at scope level <top-level> <./alu_conv.sdf, line 466>.
ncelab: *W,SDFINF: Instance g3980 not found at scope level <top-level> <./alu_conv.sdf, line 313>.
ncelab: *W,SDFINF: Instance g4007 not found at scope level <top-level> <./alu_conv.sdf, line 474>.
ncelab: *W,SDFINF: Instance g3979 not found at scope level <top-level> <./alu_conv.sdf, line 348>.
ncelab: *W,SDFINF: Instance g4008 not found at scope level <top-level> <./alu_conv.sdf, line 478>.
ncelab: *W,SDFINF: Instance g3974 not found at scope level <top-level> <./alu_conv.sdf, line 353>.
ncelab: *W,SDFINF: Instance g3978 not found at scope level <top-level> <./alu_conv.sdf, line 328>.
ncelab: *W,SDFINF: Instance g3989 not found at scope level <top-level> <./alu_conv.sdf, line 361>.
ncelab: *W,SDFINF: Instance g3976 not found at scope level <top-level> <./alu_conv.sdf, line 337>.
ncelab: *W,SDFINF: Instance g4006 not found at scope level <top-level> <./alu_conv.sdf, line 470>.
ncelab: *W,SDFINF: Instance g3975 not found at scope level <top-level> <./alu_conv.sdf, line 332>.
ncelab: *W,SDFINF: Instance g2 not found at scope level <top-level> <./alu_conv.sdf, line 462>.
ncelab: *W,SDFINF: Instance g3992 not found at scope level <top-level> <./alu_conv.sdf, line 419>.
ncelab: *W,SDFINF: Instance g3988 not found at scope level <top-level> <./alu_conv.sdf, line 451>.
ncelab: *W,SDFINF: Instance g3991 not found at scope level <top-level> <./alu_conv.sdf, line 426>.
ncelab: *W,SDFINF: Instance g3986 not found at scope level <top-level> <./alu_conv.sdf, line 452>.
ncelab: *W,SDFINF: Instance g3982 not found at scope level <top-level> <./alu_conv.sdf, line 453>.
ncelab: *W,SDFINF: Instance g3984 not found at scope level <top-level> <./alu_conv.sdf, line 454>.
ncelab: *W,SDFINF: Instance g3985 not found at scope level <top-level> <./alu_conv.sdf, line 455>.
ncelab: *W,SDFINF: Instance g3987 not found at scope level <top-level> <./alu_conv.sdf, line 456>.
ncelab: *W,SDFINF: Instance g3981 not found at scope level <top-level> <./alu_conv.sdf, line 457>.
ncelab: *W,SDFINF: Instance g3990 not found at scope level <top-level> <./alu_conv.sdf, line 518>.
ncelab: *W,SDFINF: Instance g3983 not found at scope level <top-level> <./alu_conv.sdf, line 458>.
ncelab: *W,SDFINF: Instance g3994 not found at scope level <top-level> <./alu_conv.sdf, line 427>.
ncelab: *W,SDFINF: Instance g3993 not found at scope level <top-level> <./alu_conv.sdf, line 465>.
ncelab: *W,SDFINF: Instance drc_bufs4163 not found at scope level <top-level> <./alu_conv.sdf, line 485>.
ncelab: *W,SDFINF: Instance drc_bufs4173 not found at scope level <top-level> <./alu_conv.sdf, line 504>.
ncelab: *W,SDFINF: Instance drc_bufs4183 not found at scope level <top-level> <./alu_conv.sdf, line 467>.
ncelab: *W,SDFINF: Instance drc_bufs4193 not found at scope level <top-level> <./alu_conv.sdf, line 475>.
ncelab: *W,SDFINF: Instance drc_bufs4203 not found at scope level <top-level> <./alu_conv.sdf, line 479>.
ncelab: *W,SDFINF: Instance drc_bufs4223 not found at scope level <top-level> <./alu_conv.sdf, line 471>.
ncelab: *W,SDFINF: Instance drc_bufs4233 not found at scope level <top-level> <./alu_conv.sdf, line 517>.
ncelab: *W,SDFINF: Instance drc_bufs4243 not found at scope level <top-level> <./alu_conv.sdf, line 519>.
ncelab: *W,SDFINF: Instance drc_bufs4305 not found at scope level <top-level> <./alu_conv.sdf, line 514>.
ncelab: *W,SDFINF: Instance drc_bufs4374 not found at scope level <top-level> <./alu_conv.sdf, line 496>.
ncelab: *W,SDFANS: Attempt to annotate to non-existent source port a0_mux[7] at scope level  <./alu_conv.sdf, line 435>.
ncelab: *W,SDFANS: Attempt to annotate to non-existent source port a0_mux[6] at scope level  <./alu_conv.sdf, line 436>.
ncelab: *W,SDFANS: Attempt to annotate to non-existent source port a0_mux[5] at scope level  <./alu_conv.sdf, line 437>.
ncelab: *W,SDFANS: Attempt to annotate to non-existent source port a0_mux[4] at scope level  <./alu_conv.sdf, line 438>.
ncelab: *W,SDFANS: Attempt to annotate to non-existent source port a0_mux[3] at scope level  <./alu_conv.sdf, line 439>.
ncelab: *W,SDFANS: Attempt to annotate to non-existent source port a0_mux[2] at scope level  <./alu_conv.sdf, line 440>.
ncelab: *W,SDFANS: Attempt to annotate to non-existent source port a0_mux[1] at scope level  <./alu_conv.sdf, line 441>.
ncelab: *W,SDFANS: Attempt to annotate to non-existent source port a0_mux[0] at scope level  <./alu_conv.sdf, line 442>.
ncelab: *W,SDFANS: Attempt to annotate to non-existent source port a1_mux[7] at scope level  <./alu_conv.sdf, line 443>.
ncelab: *W,SDFANS: Attempt to annotate to non-existent source port a1_mux[6] at scope level  <./alu_conv.sdf, line 444>.
ncelab: *W,SDFANS: Attempt to annotate to non-existent source port a1_mux[5] at scope level  <./alu_conv.sdf, line 445>.
ncelab: *W,SDFANS: Attempt to annotate to non-existent source port a1_mux[4] at scope level  <./alu_conv.sdf, line 446>.
ncelab: *W,SDFANS: Attempt to annotate to non-existent source port a1_mux[3] at scope level  <./alu_conv.sdf, line 447>.
ncelab: *W,SDFANS: Attempt to annotate to non-existent source port a1_mux[2] at scope level  <./alu_conv.sdf, line 448>.
ncelab: *W,SDFANS: Attempt to annotate to non-existent source port a1_mux[1] at scope level  <./alu_conv.sdf, line 449>.
ncelab: *W,SDFANS: Attempt to annotate to non-existent source port a1_mux[0] at scope level  <./alu_conv.sdf, line 450>.
ncelab: *W,SDFANS: Attempt to annotate to non-existent source port a_sel at scope level  <./alu_conv.sdf, line 458>.
ncelab: *W,SDFANS: Attempt to annotate to non-existent source port b[7] at scope level  <./alu_conv.sdf, line 462>.
ncelab: *W,SDFANS: Attempt to annotate to non-existent source port b[6] at scope level  <./alu_conv.sdf, line 467>.
ncelab: *W,SDFANS: Attempt to annotate to non-existent source port b[5] at scope level  <./alu_conv.sdf, line 471>.
ncelab: *W,SDFANS: Attempt to annotate to non-existent source port b[4] at scope level  <./alu_conv.sdf, line 475>.
ncelab: *W,SDFANS: Attempt to annotate to non-existent source port b[3] at scope level  <./alu_conv.sdf, line 479>.
ncelab: *W,SDFANS: Attempt to annotate to non-existent source port b[2] at scope level  <./alu_conv.sdf, line 485>.
ncelab: *W,SDFANS: Attempt to annotate to non-existent source port b[1] at scope level  <./alu_conv.sdf, line 496>.
ncelab: *W,SDFANS: Attempt to annotate to non-existent source port b[0] at scope level  <./alu_conv.sdf, line 504>.
ncelab: *W,SDFANS: Attempt to annotate to non-existent source port ctrl[2] at scope level  <./alu_conv.sdf, line 514>.
ncelab: *W,SDFANS: Attempt to annotate to non-existent source port ctrl[1] at scope level  <./alu_conv.sdf, line 517>.
ncelab: *W,SDFANS: Attempt to annotate to non-existent source port ctrl[0] at scope level  <./alu_conv.sdf, line 519>.
ncelab: *W,SDFINF: Instance g3794 not found at scope level <top-level> <./alu_conv.sdf, line 526>.
ncelab: *W,SDFINF: Instance g3792 not found at scope level <top-level> <./alu_conv.sdf, line 556>.
ncelab: *W,SDFINF: Instance g3793 not found at scope level <top-level> <./alu_conv.sdf, line 566>.
ncelab: *W,SDFINF: Instance g3799 not found at scope level <top-level> <./alu_conv.sdf, line 580>.
ncelab: *W,SDFINF: Instance g3797 not found at scope level <top-level> <./alu_conv.sdf, line 610>.
ncelab: *W,SDFINF: Instance g3795 not found at scope level <top-level> <./alu_conv.sdf, line 627>.
ncelab: *W,SDFINF: Instance g3798 not found at scope level <top-level> <./alu_conv.sdf, line 637>.
ncelab: *W,SDFINF: Instance g3796 not found at scope level <top-level> <./alu_conv.sdf, line 651>.
ncelab: *W,SDFINF: Instance g3800 not found at scope level <top-level> <./alu_conv.sdf, line 665>.
ncelab: *W,SDFINF: Instance g3806 not found at scope level <top-level> <./alu_conv.sdf, line 676>.
ncelab: *W,SDFINF: Instance g3801 not found at scope level <top-level> <./alu_conv.sdf, line 691>.
ncelab: *W,SDFINF: Instance g3802 not found at scope level <top-level> <./alu_conv.sdf, line 708>.
ncelab: *W,SDFINF: Instance g3803 not found at scope level <top-level> <./alu_conv.sdf, line 722>.
ncelab: *W,SDFINF: Instance g3804 not found at scope level <top-level> <./alu_conv.sdf, line 732>.
ncelab: *W,SDFINF: Instance g3807 not found at scope level <top-level> <./alu_conv.sdf, line 762>.
ncelab: *W,SDFINF: Instance g3812 not found at scope level <top-level> <./alu_conv.sdf, line 773>.
ncelab: *W,SDFINF: Instance g3813 not found at scope level <top-level> <./alu_conv.sdf, line 788>.
ncelab: *W,SDFINF: Instance g3808 not found at scope level <top-level> <./alu_conv.sdf, line 802>.
ncelab: *W,SDFINF: Instance g3814 not found at scope level <top-level> <./alu_conv.sdf, line 816>.
ncelab: *W,SDFINF: Instance g3811 not found at scope level <top-level> <./alu_conv.sdf, line 830>.
ncelab: *W,SDFINF: Instance g3820 not found at scope level <top-level> <./alu_conv.sdf, line 844>.
ncelab: *W,SDFINF: Instance g3818 not found at scope level <top-level> <./alu_conv.sdf, line 858>.
ncelab: *W,SDFINF: Instance g3817 not found at scope level <top-level> <./alu_conv.sdf, line 873>.
ncelab: *W,SDFINF: Instance g3821 not found at scope level <top-level> <./alu_conv.sdf, line 890>.
ncelab: *W,SDFINF: Instance g3825 not found at scope level <top-level> <./alu_conv.sdf, line 904>.
ncelab: *W,SDFINF: Instance g3828 not found at scope level <top-level> <./alu_conv.sdf, line 919>.
ncelab: *W,SDFINF: Instance g3829 not found at scope level <top-level> <./alu_conv.sdf, line 949>.
ncelab: *W,SDFINF: Instance g3830 not found at scope level <top-level> <./alu_conv.sdf, line 966>.
ncelab: *W,SDFINF: Instance g3827 not found at scope level <top-level> <./alu_conv.sdf, line 980>.
ncelab: *W,SDFINF: Instance g3824 not found at scope level <top-level> <./alu_conv.sdf, line 991>.
ncelab: *W,SDFINF: Instance g3831 not found at scope level <top-level> <./alu_conv.sdf, line 1008>.
ncelab: *W,SDFINF: Instance g3832 not found at scope level <top-level> <./alu_conv.sdf, line 1022>.
ncelab: *W,SDFINF: Instance g3835 not found at scope level <top-level> <./alu_conv.sdf, line 1036>.
ncelab: *W,SDFINF: Instance g3838 not found at scope level <top-level> <./alu_conv.sdf, line 1050>.
ncelab: *W,SDFINF: Instance g3840 not found at scope level <top-level> <./alu_conv.sdf, line 1113>.
ncelab: *W,SDFINF: Instance g3845 not found at scope level <top-level> <./alu_conv.sdf, line 1176>.
ncelab: *W,SDFINF: Instance g3839 not found at scope level <top-level> <./alu_conv.sdf, line 1186>.
ncelab: *W,SDFINF: Instance g3841 not found at scope level <top-level> <./alu_conv.sdf, line 1207>.
ncelab: *W,SDFINF: Instance g3843 not found at scope level <top-level> <./alu_conv.sdf, line 1222>.
ncelab: *W,SDFINF: Instance g3844 not found at scope level <top-level> <./alu_conv.sdf, line 1252>.
ncelab: *W,SDFINF: Instance g3846 not found at scope level <top-level> <./alu_conv.sdf, line 1282>.
ncelab: *W,SDFINF: Instance g3847 not found at scope level <top-level> <./alu_conv.sdf, line 1345>.
ncelab: *W,SDFINF: Instance g3849 not found at scope level <top-level> <./alu_conv.sdf, line 1375>.
ncelab: *W,SDFINF: Instance g3850 not found at scope level <top-level> <./alu_conv.sdf, line 1389>.
ncelab: *W,SDFINF: Instance g3851 not found at scope level <top-level> <./alu_conv.sdf, line 1410>.
ncelab: *W,SDFINF: Instance g3852 not found at scope level <top-level> <./alu_conv.sdf, line 1431>.
ncelab: *W,SDFINF: Instance g3834 not found at scope level <top-level> <./alu_conv.sdf, line 1442>.
ncelab: *W,SDFINF: Instance g3853 not found at scope level <top-level> <./alu_conv.sdf, line 1472>.
ncelab: *W,SDFINF: Instance g3859 not found at scope level <top-level> <./alu_conv.sdf, line 1486>.
ncelab: *W,SDFINF: Instance g3860 not found at scope level <top-level> <./alu_conv.sdf, line 1507>.
ncelab: *W,SDFINF: Instance g3861 not found at scope level <top-level> <./alu_conv.sdf, line 1528>.
ncelab: *W,SDFINF: Instance g3833 not found at scope level <top-level> <./alu_conv.sdf, line 1549>.
ncelab: *W,SDFINF: Instance g3862 not found at scope level <top-level> <./alu_conv.sdf, line 1579>.
ncelab: *W,SDFINF: Instance g3866 not found at scope level <top-level> <./alu_conv.sdf, line 1600>.
ncelab: *W,SDFINF: Instance g3864 not found at scope level <top-level> <./alu_conv.sdf, line 1611>.
ncelab: *W,SDFINF: Instance g3865 not found at scope level <top-level> <./alu_conv.sdf, line 1622>.
ncelab: *W,SDFINF: Instance g3867 not found at scope level <top-level> <./alu_conv.sdf, line 1633>.
ncelab: *W,SDFINF: Instance g3868 not found at scope level <top-level> <./alu_conv.sdf, line 1644>.
ncelab: *W,SDFINF: Instance g3885 not found at scope level <top-level> <./alu_conv.sdf, line 1655>.
ncelab: *W,SDFINF: Instance g3855 not found at scope level <top-level> <./alu_conv.sdf, line 1665>.
ncelab: *W,SDFINF: Instance g3863 not found at scope level <top-level> <./alu_conv.sdf, line 1679>.
ncelab: *W,SDFINF: Instance g3874 not found at scope level <top-level> <./alu_conv.sdf, line 1694>.
ncelab: *W,SDFINF: Instance g3875 not found at scope level <top-level> <./alu_conv.sdf, line 1708>.
ncelab: *W,SDFINF: Instance g3876 not found at scope level <top-level> <./alu_conv.sdf, line 1721>.
ncelab: *W,SDFINF: Instance g3883 not found at scope level <top-level> <./alu_conv.sdf, line 1732>.
ncelab: *W,SDFINF: Instance g3886 not found at scope level <top-level> <./alu_conv.sdf, line 1747>.
ncelab: *W,SDFINF: Instance g3887 not found at scope level <top-level> <./alu_conv.sdf, line 1757>.
ncelab: *W,SDFINF: Instance g3888 not found at scope level <top-level> <./alu_conv.sdf, line 1767>.
ncelab: *W,SDFINF: Instance g3890 not found at scope level <top-level> <./alu_conv.sdf, line 1777>.
ncelab: *W,SDFINF: Instance g3893 not found at scope level <top-level> <./alu_conv.sdf, line 1789>.
ncelab: *W,SDFINF: Instance g3854 not found at scope level <top-level> <./alu_conv.sdf, line 1804>.
ncelab: *W,SDFINF: Instance g3856 not found at scope level <top-level> <./alu_conv.sdf, line 1834>.
ncelab: *W,SDFINF: Instance g3877 not found at scope level <top-level> <./alu_conv.sdf, line 1864>.
ncelab: *W,SDFINF: Instance g3878 not found at scope level <top-level> <./alu_conv.sdf, line 1875>.
ncelab: *W,SDFINF: Instance g3879 not found at scope level <top-level> <./alu_conv.sdf, line 1886>.
ncelab: *W,SDFINF: Instance g3880 not found at scope level <top-level> <./alu_conv.sdf, line 1897>.
ncelab: *W,SDFINF: Instance g3881 not found at scope level <top-level> <./alu_conv.sdf, line 1908>.
ncelab: *W,SDFINF: Instance g3894 not found at scope level <top-level> <./alu_conv.sdf, line 1919>.
ncelab: *W,SDFINF: Instance g3895 not found at scope level <top-level> <./alu_conv.sdf, line 1934>.
ncelab: *W,SDFINF: Instance g3896 not found at scope level <top-level> <./alu_conv.sdf, line 1949>.
ncelab: *W,SDFINF: Instance g3898 not found at scope level <top-level> <./alu_conv.sdf, line 1964>.
ncelab: *W,SDFINF: Instance g3900 not found at scope level <top-level> <./alu_conv.sdf, line 1974>.
ncelab: *W,SDFINF: Instance g3873 not found at scope level <top-level> <./alu_conv.sdf, line 1985>.
ncelab: *W,SDFINF: Instance g3869 not found at scope level <top-level> <./alu_conv.sdf, line 2048>.
ncelab: *W,SDFINF: Instance g3870 not found at scope level <top-level> <./alu_conv.sdf, line 2111>.
ncelab: *W,SDFINF: Instance g3871 not found at scope level <top-level> <./alu_conv.sdf, line 2174>.
ncelab: *W,SDFINF: Instance g3872 not found at scope level <top-level> <./alu_conv.sdf, line 2237>.
ncelab: *W,SDFINF: Instance g3882 not found at scope level <top-level> <./alu_conv.sdf, line 2300>.
ncelab: *W,SDFINF: Instance g3889 not found at scope level <top-level> <./alu_conv.sdf, line 2314>.
ncelab: *W,SDFINF: Instance g3891 not found at scope level <top-level> <./alu_conv.sdf, line 2325>.
ncelab: *W,SDFINF: Instance g3892 not found at scope level <top-level> <./alu_conv.sdf, line 2346>.
ncelab: *W,SDFINF: Instance g3899 not found at scope level <top-level> <./alu_conv.sdf, line 2367>.
ncelab: *W,SDFINF: Instance g3901 not found at scope level <top-level> <./alu_conv.sdf, line 2378>.
ncelab: *W,SDFINF: Instance g3902 not found at scope level <top-level> <./alu_conv.sdf, line 2389>.
ncelab: *W,SDFINF: Instance g3903 not found at scope level <top-level> <./alu_conv.sdf, line 2400>.
ncelab: *W,SDFINF: Instance g3909 not found at scope level <top-level> <./alu_conv.sdf, line 2411>.
ncelab: *W,SDFINF: Instance g3904 not found at scope level <top-level> <./alu_conv.sdf, line 2426>.
ncelab: *W,SDFINF: Instance g3905 not found at scope level <top-level> <./alu_conv.sdf, line 2437>.
ncelab: *W,SDFINF: Instance g3906 not found at scope level <top-level> <./alu_conv.sdf, line 2448>.
ncelab: *W,SDFINF: Instance g3908 not found at scope level <top-level> <./alu_conv.sdf, line 2459>.
ncelab: *W,SDFINF: Instance g3912 not found at scope level <top-level> <./alu_conv.sdf, line 2480>.
ncelab: *W,SDFINF: Instance g3920 not found at scope level <top-level> <./alu_conv.sdf, line 2491>.
ncelab: *W,SDFINF: Instance g3925 not found at scope level <top-level> <./alu_conv.sdf, line 2502>.
ncelab: *W,SDFINF: Instance g3927 not found at scope level <top-level> <./alu_conv.sdf, line 2512>.
ncelab: *W,SDFINF: Instance g3934 not found at scope level <top-level> <./alu_conv.sdf, line 2523>.
ncelab: *W,SDFINF: Instance g3911 not found at scope level <top-level> <./alu_conv.sdf, line 2537>.
ncelab: *W,SDFINF: Instance g3914 not found at scope level <top-level> <./alu_conv.sdf, line 2548>.
ncelab: *W,SDFINF: Instance g3915 not found at scope level <top-level> <./alu_conv.sdf, line 2559>.
ncelab: *W,SDFINF: Instance g3916 not found at scope level <top-level> <./alu_conv.sdf, line 2570>.
ncelab: *W,SDFINF: Instance g3917 not found at scope level <top-level> <./alu_conv.sdf, line 2581>.
ncelab: *W,SDFINF: Instance g3918 not found at scope level <top-level> <./alu_conv.sdf, line 2592>.
ncelab: *W,SDFINF: Instance g3922 not found at scope level <top-level> <./alu_conv.sdf, line 2603>.
ncelab: *W,SDFINF: Instance g3931 not found at scope level <top-level> <./alu_conv.sdf, line 2614>.
ncelab: *W,SDFINF: Instance g3932 not found at scope level <top-level> <./alu_conv.sdf, line 2628>.
ncelab: *W,SDFINF: Instance g3933 not found at scope level <top-level> <./alu_conv.sdf, line 2642>.
ncelab: *W,SDFINF: Instance g3935 not found at scope level <top-level> <./alu_conv.sdf, line 2656>.
ncelab: *W,SDFINF: Instance g3937 not found at scope level <top-level> <./alu_conv.sdf, line 2670>.
ncelab: *W,SDFINF: Instance g3897 not found at scope level <top-level> <./alu_conv.sdf, line 2684>.
ncelab: *W,SDFINF: Instance g3953 not found at scope level <top-level> <./alu_conv.sdf, line 2699>.
ncelab: *W,SDFINF: Instance g3970 not found at scope level <top-level> <./alu_conv.sdf, line 2709>.
ncelab: *W,SDFINF: Instance g3913 not found at scope level <top-level> <./alu_conv.sdf, line 2719>.
ncelab: *W,SDFINF: Instance g3955 not found at scope level <top-level> <./alu_conv.sdf, line 2732>.
ncelab: *W,SDFINF: Instance g3919 not found at scope level <top-level> <./alu_conv.sdf, line 2742>.
ncelab: *W,SDFINF: Instance g3921 not found at scope level <top-level> <./alu_conv.sdf, line 2755>.
ncelab: *W,SDFINF: Instance g3926 not found at scope level <top-level> <./alu_conv.sdf, line 2768>.
ncelab: *W,SDFINF: Instance g3928 not found at scope level <top-level> <./alu_conv.sdf, line 2778>.
ncelab: *W,SDFINF: Instance g3929 not found at scope level <top-level> <./alu_conv.sdf, line 2791>.
ncelab: *W,SDFINF: Instance g3930 not found at scope level <top-level> <./alu_conv.sdf, line 2804>.
ncelab: *W,SDFINF: Instance g3938 not found at scope level <top-level> <./alu_conv.sdf, line 2817>.
ncelab: *W,SDFINF: Instance g3939 not found at scope level <top-level> <./alu_conv.sdf, line 2829>.
ncelab: *W,SDFINF: Instance g3954 not found at scope level <top-level> <./alu_conv.sdf, line 2844>.
ncelab: *W,SDFINF: Instance g3956 not found at scope level <top-level> <./alu_conv.sdf, line 2854>.
ncelab: *W,SDFINF: Instance g3963 not found at scope level <top-level> <./alu_conv.sdf, line 2864>.
ncelab: *W,SDFINF: Instance g3967 not found at scope level <top-level> <./alu_conv.sdf, line 2875>.
ncelab: *W,SDFINF: Instance g3957 not found at scope level <top-level> <./alu_conv.sdf, line 2886>.
ncelab: *W,SDFINF: Instance g3971 not found at scope level <top-level> <./alu_conv.sdf, line 2897>.
ncelab: *W,SDFINF: Instance g3972 not found at scope level <top-level> <./alu_conv.sdf, line 2908>.
ncelab: *W,SDFINF: Instance g3952 not found at scope level <top-level> <./alu_conv.sdf, line 2919>.
ncelab: *W,SDFINF: Instance g3936 not found at scope level <top-level> <./alu_conv.sdf, line 2930>.
ncelab: *W,SDFINF: Instance g3958 not found at scope level <top-level> <./alu_conv.sdf, line 2942>.
ncelab: *W,SDFINF: Instance g3959 not found at scope level <top-level> <./alu_conv.sdf, line 2953>.
ncelab: *W,SDFINF: Instance g3960 not found at scope level <top-level> <./alu_conv.sdf, line 2964>.
ncelab: *W,SDFINF: Instance g3961 not found at scope level <top-level> <./alu_conv.sdf, line 2975>.
ncelab: *W,SDFINF: Instance g3962 not found at scope level <top-level> <./alu_conv.sdf, line 2986>.
ncelab: *W,SDFINF: Instance g3964 not found at scope level <top-level> <./alu_conv.sdf, line 2997>.
ncelab: *W,SDFINF: Instance g3965 not found at scope level <top-level> <./alu_conv.sdf, line 3008>.
ncelab: *W,SDFINF: Instance g3966 not found at scope level <top-level> <./alu_conv.sdf, line 3019>.
ncelab: *W,SDFINF: Instance g3969 not found at scope level <top-level> <./alu_conv.sdf, line 3030>.
ncelab: *W,SDFINF: Instance g3973 not found at scope level <top-level> <./alu_conv.sdf, line 3043>.
ncelab: *W,SDFINF: Instance g3968 not found at scope level <top-level> <./alu_conv.sdf, line 3054>.
ncelab: *W,SDFINF: Instance g3977 not found at scope level <top-level> <./alu_conv.sdf, line 3065>.
ncelab: *W,SDFINF: Instance g3980 not found at scope level <top-level> <./alu_conv.sdf, line 3075>.
ncelab: *W,SDFINF: Instance g3979 not found at scope level <top-level> <./alu_conv.sdf, line 3085>.
ncelab: *W,SDFINF: Instance g3974 not found at scope level <top-level> <./alu_conv.sdf, line 3095>.
ncelab: *W,SDFINF: Instance g3978 not found at scope level <top-level> <./alu_conv.sdf, line 3105>.
ncelab: *W,SDFINF: Instance g3989 not found at scope level <top-level> <./alu_conv.sdf, line 3115>.
ncelab: *W,SDFINF: Instance g3976 not found at scope level <top-level> <./alu_conv.sdf, line 3125>.
ncelab: *W,SDFINF: Instance g3975 not found at scope level <top-level> <./alu_conv.sdf, line 3135>.
ncelab: *W,SDFINF: Instance g3992 not found at scope level <top-level> <./alu_conv.sdf, line 3145>.
ncelab: *W,SDFINF: Instance g3988 not found at scope level <top-level> <./alu_conv.sdf, line 3156>.
ncelab: *W,SDFINF: Instance g3991 not found at scope level <top-level> <./alu_conv.sdf, line 3171>.
ncelab: *W,SDFINF: Instance g3986 not found at scope level <top-level> <./alu_conv.sdf, line 3182>.
ncelab: *W,SDFINF: Instance g3982 not found at scope level <top-level> <./alu_conv.sdf, line 3197>.
ncelab: *W,SDFINF: Instance g3984 not found at scope level <top-level> <./alu_conv.sdf, line 3212>.
ncelab: *W,SDFINF: Instance g3985 not found at scope level <top-level> <./alu_conv.sdf, line 3227>.
ncelab: *W,SDFINF: Instance g3987 not found at scope level <top-level> <./alu_conv.sdf, line 3242>.
ncelab: *W,SDFINF: Instance g3981 not found at scope level <top-level> <./alu_conv.sdf, line 3257>.
ncelab: *W,SDFINF: Instance g3990 not found at scope level <top-level> <./alu_conv.sdf, line 3272>.
ncelab: *W,SDFINF: Instance g3983 not found at scope level <top-level> <./alu_conv.sdf, line 3283>.
ncelab: *W,SDFINF: Instance g3994 not found at scope level <top-level> <./alu_conv.sdf, line 3298>.
ncelab: *W,SDFINF: Instance g3993 not found at scope level <top-level> <./alu_conv.sdf, line 3309>.
ncelab: *W,SDFINF: Instance g2 not found at scope level <top-level> <./alu_conv.sdf, line 3320>.
ncelab: *W,SDFINF: Instance g4005 not found at scope level <top-level> <./alu_conv.sdf, line 3347>.
ncelab: *W,SDFINF: Instance g4006 not found at scope level <top-level> <./alu_conv.sdf, line 3374>.
ncelab: *W,SDFINF: Instance g4007 not found at scope level <top-level> <./alu_conv.sdf, line 3401>.
ncelab: *W,SDFINF: Instance g4008 not found at scope level <top-level> <./alu_conv.sdf, line 3428>.
ncelab: *W,SDFINF: Instance g4009 not found at scope level <top-level> <./alu_conv.sdf, line 3455>.
ncelab: *W,SDFINF: Instance drc_bufs4163 not found at scope level <top-level> <./alu_conv.sdf, line 3482>.
ncelab: *W,SDFINF: Instance drc_bufs4173 not found at scope level <top-level> <./alu_conv.sdf, line 3492>.
ncelab: *W,SDFINF: Instance drc_bufs4183 not found at scope level <top-level> <./alu_conv.sdf, line 3502>.
ncelab: *W,SDFINF: Instance drc_bufs4193 not found at scope level <top-level> <./alu_conv.sdf, line 3512>.
ncelab: *W,SDFINF: Instance drc_bufs4203 not found at scope level <top-level> <./alu_conv.sdf, line 3522>.
ncelab: *W,SDFINF: Instance drc_bufs4223 not found at scope level <top-level> <./alu_conv.sdf, line 3532>.
ncelab: *W,SDFINF: Instance drc_bufs4233 not found at scope level <top-level> <./alu_conv.sdf, line 3542>.
ncelab: *W,SDFINF: Instance drc_bufs4243 not found at scope level <top-level> <./alu_conv.sdf, line 3552>.
ncelab: *W,SDFINF: Instance drc_bufs4305 not found at scope level <top-level> <./alu_conv.sdf, line 3562>.
ncelab: *W,SDFINF: Instance g4369 not found at scope level <top-level> <./alu_conv.sdf, line 3572>.
ncelab: *W,SDFINF: Instance g4370 not found at scope level <top-level> <./alu_conv.sdf, line 3585>.
ncelab: *W,SDFINF: Instance g4371 not found at scope level <top-level> <./alu_conv.sdf, line 3598>.
ncelab: *W,SDFINF: Instance g4372 not found at scope level <top-level> <./alu_conv.sdf, line 3611>.
ncelab: *W,SDFINF: Instance drc_bufs4374 not found at scope level <top-level> <./alu_conv.sdf, line 3674>.
