============================================================
  Generated by:           Encounter(R) RTL Compiler RC14.20 - v14.20-p005_1
  Generated on:           May 30 2017  02:03:25 pm
  Module:                 alu_conv
  Technology library:     NangateOpenCellLibrary revision 1.0
  Operating conditions:   typical 
  Interconnect mode:      global
  Area mode:              physical library
============================================================

   Pin            Type     Fanout Load Slew Delay Arrival   
                                  (fF) (ps)  (ps)   (ps)    
------------------------------------------------------------
(clock clk)      launch                                 0 R 
Y_reg[0]/CK                               0             0 R 
Y_reg[0]/Q       DFF_X1         2  1.6    8   +85      85 R 
Y[0]        <<<  out port                      +0      85 R 
------------------------------------------------------------
Timing slack :  UNCONSTRAINED
Start-point  : Y_reg[0]/CK
End-point    : Y[0]
