============================================================
  Generated by:           Encounter(R) RTL Compiler RC14.20 - v14.20-p005_1
  Generated on:           May 30 2017  11:43:13 am
  Module:                 alu_conv
  Technology library:     NangateOpenCellLibrary revision 1.0
  Operating conditions:   typical 
  Interconnect mode:      global
  Area mode:              physical library
============================================================

   Pin            Type     Fanout Load Slew Delay Arrival   
                                  (fF) (ps)  (ps)   (ps)    
------------------------------------------------------------
(clock clk)      launch                                 0 R 
Y_reg[0]/CK                               0             0 R 
Y_reg[0]/Q       SDFFR_X1       2  1.6   10   +69      69 R 
Y[0]        <<<  out port                      +0      69 R 
------------------------------------------------------------
Timing slack :  UNCONSTRAINED
Start-point  : Y_reg[0]/CK
End-point    : Y[0]
