*----------------------------------------------------------------------------------------
*	Encounter 14.14-s028_1 (64bit) 09/15/2014 13:21 (Linux 2.6)
*	
*
* 	Date & Time:	2017-May-30 14:18:00 (2017-May-30 19:18:00 GMT)
*
*----------------------------------------------------------------------------------------
*
*	Design: alu_conv
*
*	Liberty Libraries used: 
*	        /vol/ece303/encounter_tutorial/NangateOpenCellLibrary_typical.lib
*
*	Power Domain used: 
*		Rail:        VDD 	Voltage:        1.1 
*
*       Power View : an
*
*       User-Defined Activity : N.A.
*
*       Activity File: N.A.
*
*       Hierarchical Global Activity: N.A.
*
*       Global Activity: N.A.
*
*       Sequential Element Activity: N.A.
*
*       Primary Input Activity: 0.200000
*
*       Default icg ratio: N.A.
*
*       Global Comb ClockGate Ratio: N.A.
*
*	Power Units = 1mW
*
*	Time Units = 1e-09 secs 
*
*       Temperature = 25 
*
*       report_power -outfile .//alu_conv.rpt -rail_analysis_format VS
*
-----------------------------------------------------------------------------------------
Cell                            Internal   Switching       Total     Leakage   Cell
                                   Power       Power       Power       Power   Name
--------------------------------------------------------------------------------------
clk__L1_I0                       0.01041     0.01627     0.02671   3.056e-05  CLKBUF_X3
clk__L3_I13                      0.01002    0.008798     0.01885   3.056e-05  CLKBUF_X3
clk__L3_I14                      0.01002    0.008737     0.01878   3.056e-05  CLKBUF_X3
clk__L2_I1                      0.009966    0.008259     0.01825   3.056e-05  CLKBUF_X3
clk__L2_I0                      0.009963    0.008211      0.0182   3.056e-05  CLKBUF_X3
clk__L2_I4                      0.009962    0.008198     0.01819   3.056e-05  CLKBUF_X3
clk__L2_I5                      0.009955    0.008067     0.01805   3.056e-05  CLKBUF_X3
clk__L2_I3                      0.009928    0.007576     0.01753   3.056e-05  CLKBUF_X3
clk__L2_I2                      0.009928    0.007571     0.01753   3.056e-05  CLKBUF_X3
clk__L3_I6                       0.00993    0.007169     0.01713   3.056e-05  CLKBUF_X3
clk__L3_I3                      0.009925    0.007088     0.01704   3.056e-05  CLKBUF_X3
clk__L3_I12                     0.009921    0.006987     0.01694   3.056e-05  CLKBUF_X3
clk__L3_I7                      0.009898    0.006771      0.0167   3.056e-05  CLKBUF_X3
clk__L3_I11                     0.009885    0.006691     0.01661   3.056e-05  CLKBUF_X3
clk__L3_I17                     0.009869    0.006601      0.0165   3.056e-05  CLKBUF_X3
clk__L3_I1                      0.009847    0.006466     0.01634   3.056e-05  CLKBUF_X3
clk__L3_I9                      0.009847    0.006456     0.01633   3.056e-05  CLKBUF_X3
clk__L3_I8                      0.009845    0.006444     0.01632   3.056e-05  CLKBUF_X3
clk__L3_I2                      0.009824    0.006323     0.01618   3.056e-05  CLKBUF_X3
clk__L3_I19                     0.009813    0.006252      0.0161   3.056e-05  CLKBUF_X3
clk__L3_I18                     0.009751    0.005873     0.01565   3.056e-05  CLKBUF_X3
clk__L3_I10                     0.009562    0.004696     0.01429   3.056e-05  CLKBUF_X3
clk__L3_I0                      0.009542    0.004579     0.01415   3.056e-05  CLKBUF_X3
clk__L3_I16                     0.009532    0.004516     0.01408   3.056e-05  CLKBUF_X3
clk__L3_I4                      0.009476    0.004166     0.01367   3.056e-05  CLKBUF_X3
clk__L3_I15                     0.009452     0.00402      0.0135   3.056e-05  CLKBUF_X3
clk__L3_I5                       0.00942    0.003825     0.01328   3.056e-05  CLKBUF_X3
C_int_reg[16]                   0.006752   0.0003415    0.007171   7.714e-05  DFF_X1
C_int_reg[4]                    0.006451   0.0005502    0.007079   7.779e-05  DFF_X1
C_int_reg[17]                   0.006778   0.0002199    0.007075   7.696e-05  DFF_X1
C_int_reg[2]                    0.006419   0.0005681    0.007065   7.778e-05  DFF_X1
C_int_reg[3]                    0.006426    0.000557    0.007061   7.782e-05  DFF_X1
C_int_reg[9]                    0.006446   0.0004757    0.006999   7.785e-05  DFF_X1
C_int_reg[10]                   0.006453   0.0004595    0.006991   7.781e-05  DFF_X1
C_int_reg[13]                   0.006449   0.0004625    0.006989   7.785e-05  DFF_X1
C_int_reg[12]                   0.006448   0.0004591    0.006985   7.785e-05  DFF_X1
C_int_reg[14]                   0.006448   0.0004551    0.006981   7.785e-05  DFF_X1
C_int_reg[11]                   0.006443   0.0004319    0.006953   7.785e-05  DFF_X1
C_int_reg[5]                    0.006449   0.0004125    0.006939   7.781e-05  DFF_X1
C_int_reg[7]                    0.006454   0.0004027    0.006935   7.781e-05  DFF_X1
C_int_reg[8]                    0.006443   0.0004136    0.006935   7.785e-05  DFF_X1
C_int_reg[15]                   0.006417   0.0004374    0.006932   7.782e-05  DFF_X1
C_int_reg[6]                    0.006452   0.0004001     0.00693   7.781e-05  DFF_X1
C_int_reg[1]                    0.006349   0.0004204    0.006847   7.777e-05  DFF_X1
C_int_reg[0]                    0.006375   0.0003933    0.006846   7.773e-05  DFF_X1
Y_reg[11]                       0.006089   0.0001346    0.006301   7.782e-05  DFF_X1
Y_reg[4]                        0.006086    0.000137      0.0063   7.782e-05  DFF_X1
Y_reg[12]                        0.00609   0.0001314    0.006299   7.782e-05  DFF_X1
Y_reg[3]                        0.006084   0.0001364    0.006298   7.782e-05  DFF_X1
Y_reg[10]                       0.006088    0.000112    0.006278   7.782e-05  DFF_X1
Y_reg[5]                        0.006087   9.798e-05    0.006263   7.782e-05  DFF_X1
Y_reg[2]                        0.006079    0.000106    0.006263   7.782e-05  DFF_X1
Y_reg[13]                       0.006089   9.221e-05    0.006259   7.782e-05  DFF_X1
A_int_reg[4]                    0.005592    0.000583    0.006254   7.832e-05  DFF_X1
Y_reg[15]                       0.006089   8.113e-05    0.006248   7.782e-05  DFF_X1
Y_reg[17]                       0.006088   7.761e-05    0.006243   7.779e-05  DFF_X1
Y_reg[6]                        0.006088   7.746e-05    0.006243   7.782e-05  DFF_X1
Y_reg[14]                       0.006089   7.499e-05    0.006241   7.782e-05  DFF_X1
Y_reg[1]                        0.006074   8.501e-05    0.006237   7.782e-05  DFF_X1
Y_reg[7]                        0.006088   7.033e-05    0.006236   7.782e-05  DFF_X1
A_int_reg[2]                    0.005592   0.0005646    0.006235   7.832e-05  DFF_X1
Y_reg[16]                       0.006093   6.365e-05    0.006235    7.78e-05  DFF_X1
Y_reg[9]                        0.006088    6.11e-05    0.006227   7.782e-05  DFF_X1
Y_reg[8]                        0.006088   5.769e-05    0.006223   7.782e-05  DFF_X1
Y_reg[0]                        0.006075   5.528e-05    0.006208   7.782e-05  DFF_X1
A_int_reg[1]                    0.005592   0.0005349    0.006205   7.832e-05  DFF_X1
A_int_reg[10]                   0.005592   0.0004874    0.006158   7.832e-05  DFF_X1
A_int_reg[6]                    0.005592   0.0004651    0.006135   7.832e-05  DFF_X1
A_int_reg[7]                    0.005591   0.0004611    0.006131   7.832e-05  DFF_X1
A_int_reg[3]                    0.005592   0.0004515    0.006121   7.832e-05  DFF_X1
A_int_reg[5]                    0.005591   0.0004403     0.00611   7.832e-05  DFF_X1
A_int_reg[0]                    0.005591   0.0003782    0.006047   7.832e-05  DFF_X1
A_int_reg[15]                   0.005591   0.0003621    0.006032   7.832e-05  DFF_X1
A_int_reg[9]                    0.005591   0.0003564    0.006026   7.832e-05  DFF_X1
B_int_reg[7]                     0.00559    0.000355    0.006024   7.832e-05  DFF_X1
A_int_reg[11]                   0.005591   0.0003538    0.006023   7.832e-05  DFF_X1
B_int_reg[1]                    0.005591   0.0003323    0.006001   7.832e-05  DFF_X1
A_int_reg[8]                    0.005591   0.0003279    0.005997   7.832e-05  DFF_X1
A_int_reg[12]                    0.00559   0.0003208    0.005989   7.832e-05  DFF_X1
B_int_reg[10]                   0.005591   0.0003191    0.005988   7.832e-05  DFF_X1
A_int_reg[14]                   0.005591   0.0003085    0.005978   7.832e-05  DFF_X1
A_int_reg[13]                   0.005591   0.0002981    0.005967   7.832e-05  DFF_X1
B_int_reg[6]                     0.00559   0.0002906    0.005959   7.832e-05  DFF_X1
B_int_reg[4]                     0.00559   0.0002852    0.005954   7.832e-05  DFF_X1
B_int_reg[5]                     0.00559   0.0002809    0.005949   7.832e-05  DFF_X1
B_int_reg[2]                     0.00559   0.0002797    0.005948   7.832e-05  DFF_X1
B_int_reg[8]                    0.005588   0.0002398    0.005907   7.832e-05  DFF_X1
B_int_reg[15]                   0.005588   0.0002271    0.005893   7.832e-05  DFF_X1
B_int_reg[14]                   0.005587   0.0001966    0.005861   7.832e-05  DFF_X1
B_int_reg[0]                    0.005586   0.0001947    0.005859   7.832e-05  DFF_X1
B_int_reg[12]                   0.005586   0.0001935    0.005858   7.832e-05  DFF_X1
B_int_reg[13]                   0.005586   0.0001909    0.005855   7.832e-05  DFF_X1
B_int_reg[3]                    0.005586   0.0001903    0.005855   7.832e-05  DFF_X1
B_int_reg[9]                    0.005586   0.0001814    0.005846   7.832e-05  DFF_X1
B_int_reg[11]                   0.005585   0.0001565     0.00582   7.832e-05  DFF_X1
state_reg[1]                    0.004667   0.0005573    0.005304   7.903e-05  DFF_X1
state_reg[0]                    0.004287   0.0005003    0.004867   7.917e-05  DFF_X1
g1184                          0.0007641    0.003397    0.004256   9.496e-05  OR2_X4
g1127                          0.0004537    0.001015     0.00161   0.0001414  AOI21_X4
g1185                           0.000203    0.001177    0.001432   5.281e-05  NAND2_X4
FE_PHC1_reset                  0.0001866    0.001068    0.001341   8.612e-05  BUF_X4
g1181                          0.0003341   0.0007654    0.001209   0.0001092  AND3_X4
g1178                          0.0001841   0.0008068    0.001042   5.082e-05  AND2_X2
add_33_48/g1139                0.0005314   0.0002124   0.0007988   5.503e-05  FA_X1
FE_OFC0_n_61                   0.0001714   0.0006003   0.0007942   2.257e-05  BUF_X1
add_33_48/g1154                0.0005498   0.0001915   0.0007763   3.498e-05  XNOR2_X1
add_33_48/g1222                0.0003136   0.0004318   0.0007713   2.596e-05  OR2_X1
g1183                           7.23e-05   0.0006486   0.0007359   1.496e-05  INV_X1
add_33_48/g1239                0.0003108   0.0003629   0.0006997   2.596e-05  OR2_X1
add_33_48/g1215                 0.000162   0.0004856   0.0006672   1.966e-05  NOR2_X1
add_33_48/g1257                0.0004578   0.0001524    0.000665   5.482e-05  FA_X1
add_33_48/g1197                0.0004522   0.0001503   0.0006538    5.13e-05  HA_X1
add_33_48/g1246                0.0003802   0.0001989   0.0006229   4.382e-05  XNOR2_X1
add_33_48/g1219                0.0003011   0.0002926   0.0006197   2.598e-05  OR2_X1
add_33_48/g1244                0.0003013   0.0002855   0.0006128   2.598e-05  OR2_X1
add_33_48/g2                   0.0003694   0.0001947   0.0006079   4.382e-05  XNOR2_X1
add_28_48/g1078                0.0003445   0.0002102   0.0006059   5.124e-05  HA_X1
add_33_48/g1216                0.0003066    0.000273   0.0006056   2.596e-05  OR2_X1
add_33_48/g1233                0.0003064   0.0002718   0.0006042   2.596e-05  OR2_X1
add_33_48/g1247                 0.000361   0.0001988   0.0006037   4.386e-05  XNOR2_X1
add_33_48/g1149                0.0003775   0.0001821   0.0006034   4.383e-05  XNOR2_X1
add_33_48/g1157                0.0003691   0.0001864   0.0005994   4.382e-05  XNOR2_X1
add_33_48/g1240                0.0002989   0.0002722   0.0005971   2.598e-05  OR2_X1
add_33_48/g1162                0.0003652   0.0001805   0.0005896   4.383e-05  XNOR2_X1
add_33_48/g1249                0.0003663   0.0001782   0.0005884   4.386e-05  XNOR2_X1
add_33_48/g1141                0.0003687   0.0001732   0.0005857   4.382e-05  XNOR2_X1
add_33_48/g1248                0.0003598   0.0001739   0.0005775   4.386e-05  XNOR2_X1
add_28_48/g1047                0.0003511   0.0001809   0.0005664   3.443e-05  XNOR2_X1
add_28_48/g1139                0.0003658   0.0001394   0.0005612   5.612e-05  FA_X1
add_28_48/g1126                0.0002449    0.000247   0.0005352   4.322e-05  XNOR2_X1
add_33_48/g1253                0.0002934    0.000184    0.000522   4.457e-05  XOR2_X1
add_33_48/g1255                0.0002802    0.000176   0.0005008    4.46e-05  XOR2_X1
add_28_48/g1044                0.0002401   0.0002162   0.0004995   4.322e-05  XNOR2_X1
add_33_48/g1254                0.0002922   0.0001621   0.0004988   4.452e-05  XOR2_X1
add_33_48/g1202                0.0002462    0.000193   0.0004774   3.821e-05  XNOR2_X1
add_33_48/g1137                0.0003491   9.589e-05   0.0004724   2.743e-05  XOR2_X1
add_33_48/g1203                0.0002467   0.0001859   0.0004707    3.82e-05  XNOR2_X1
add_33_48/g1237                0.0001645   0.0002814   0.0004655   1.966e-05  NOR2_X1
g1019                          0.0003087   0.0001365   0.0004643   1.905e-05  AOI222_X1
g1000                          0.0003161   0.0001251   0.0004603   1.916e-05  AOI222_X1
g999                           0.0003174   0.0001229   0.0004595   1.916e-05  AOI222_X1
g1001                          0.0003176   0.0001208   0.0004575   1.916e-05  AOI222_X1
FE_PHC94_n_21                  0.0003604   6.405e-05   0.0004572   3.278e-05  CLKBUF_X3
g1002                          0.0003174   0.0001196   0.0004561   1.916e-05  AOI222_X1
g1017                          0.0003021   0.0001317   0.0004527   1.896e-05  AOI222_X1
add_33_48/g1204                0.0002369   0.0001765   0.0004517   3.821e-05  XNOR2_X1
add_28_48/g1131                0.0003596   3.542e-05   0.0004511   5.612e-05  FA_X1
g1020                          0.0003091    0.000123   0.0004511   1.905e-05  AOI222_X1
FE_PHC95_n_38                  0.0003594   5.766e-05   0.0004498   3.278e-05  CLKBUF_X3
add_28_48/g1132                 0.000194   0.0002123   0.0004497   4.347e-05  XOR2_X1
FE_PHC98_n_15                  0.0003594   5.759e-05   0.0004497   3.278e-05  CLKBUF_X3
FE_PHC84_n_26                  0.0003591   5.524e-05   0.0004471   3.278e-05  CLKBUF_X3
FE_PHC87_n_30                  0.0003589   5.483e-05   0.0004465   3.278e-05  CLKBUF_X3
FE_RC_4_0                      0.0003057   0.0001215   0.0004463   1.916e-05  AOI222_X1
g1022                           0.000317   0.0001091   0.0004452   1.916e-05  AOI222_X1
g1021                          0.0003168   0.0001081    0.000444   1.916e-05  AOI222_X1
g1018                          0.0003068   0.0001177   0.0004435   1.905e-05  AOI222_X1
FE_PHC86_n_32                  0.0003585   5.171e-05   0.0004429   3.278e-05  CLKBUF_X3
FE_PHC88_n_23                  0.0003583    5.07e-05   0.0004417   3.278e-05  CLKBUF_X3
FE_PHC83_n_39                  0.0003581   4.947e-05   0.0004404   3.278e-05  CLKBUF_X3
FE_PHC96_n_27                   0.000358   4.955e-05   0.0004403   3.278e-05  CLKBUF_X3
g1016                          0.0003012   0.0001159   0.0004399   2.281e-05  AOI222_X1
add_33_48/g1198                0.0002066   0.0002152   0.0004394   1.758e-05  NOR2_X1
add_28_48/g1134                0.0001944   0.0002001   0.0004379   4.347e-05  XOR2_X1
g997                           0.0003071   0.0001066   0.0004327   1.905e-05  AOI222_X1
add_33_48/g1229                0.0001158   0.0003005   0.0004326   1.626e-05  INV_X1
add_33_48/g1211                0.0001919    0.000227   0.0004321   1.314e-05  NAND2_X1
add_33_48/g1201                0.0001866   0.0002316   0.0004313   1.307e-05  NAND2_X1
add_28_48/g1125                0.0002385   0.0001485   0.0004302   4.322e-05  XNOR2_X1
add_33_48/g1207                0.0001909   0.0002241   0.0004281   1.314e-05  NAND2_X1
FE_PHC85_n_25                  0.0003563   3.839e-05   0.0004275   3.278e-05  CLKBUF_X3
FE_PHC97_n_33                  0.0003563   3.839e-05   0.0004274   3.278e-05  CLKBUF_X3
add_33_48/g1200                0.0001899   0.0002216   0.0004246   1.315e-05  NAND2_X1
add_28_48/g1137                0.0001935   0.0001863   0.0004234    4.35e-05  XOR2_X1
add_33_48/g1199                0.0001914   0.0002176   0.0004222   1.315e-05  NAND2_X1
add_28_48/g1127                0.0002438    0.000135    0.000422   4.325e-05  XNOR2_X1
add_28_48/g1135                0.0001942   0.0001837   0.0004214   4.347e-05  XOR2_X1
add_33_48/g1208                0.0001869   0.0002181    0.000418   1.307e-05  NAND2_X1
g1015                          0.0002712   0.0001244    0.000418   2.231e-05  AOI222_X1
add_33_48/g1210                0.0001873   0.0002157    0.000416   1.307e-05  NAND2_X1
add_33_48/g1209                0.0001915   0.0002111   0.0004158   1.314e-05  NAND2_X1
add_28_48/g2                   0.0002382   0.0001302   0.0004116   4.322e-05  XNOR2_X1
add_28_48/g1024                0.0002383    0.000129   0.0004105   4.322e-05  XNOR2_X1
add_28_48/g1133                0.0001941   0.0001725   0.0004101   4.347e-05  XOR2_X1
add_28_48/g1136                0.0001935   0.0001728   0.0004098   4.347e-05  XOR2_X1
add_33_48/g1238                0.0001638   0.0002244   0.0004079   1.966e-05  NOR2_X1
add_33_48/g1228                0.0001168   0.0002728   0.0004058   1.626e-05  INV_X1
add_28_48/g1021                0.0002377   0.0001187   0.0003997   4.322e-05  XNOR2_X1
add_33_48/g1212                0.0001521   0.0002176   0.0003974    2.77e-05  NAND2_X1
g1162                          0.0002731   8.879e-05   0.0003966   3.465e-05  MUX2_X1
add_28_48/g1111                0.0001892   0.0001785   0.0003933   2.564e-05  OR2_X1
add_28_48/g1124                0.0001892   0.0001769   0.0003918   2.564e-05  OR2_X1
g1149                          0.0002619   9.518e-05   0.0003911   3.406e-05  MUX2_X1
add_28_48/g1117                0.0001888   0.0001753   0.0003897   2.564e-05  OR2_X1
g1156                          0.0002721    8.01e-05   0.0003869   3.465e-05  MUX2_X1
add_28_48/g1119                0.0001887   0.0001723   0.0003867   2.564e-05  OR2_X1
g1158                           0.000272   7.881e-05   0.0003855   3.465e-05  MUX2_X1
g1163                           0.000272   7.883e-05   0.0003855   3.465e-05  MUX2_X1
g1165                          0.0002721   7.792e-05   0.0003847   3.465e-05  MUX2_X1
add_28_48/g1114                0.0001886   0.0001703   0.0003845   2.564e-05  OR2_X1
add_28_48/g1110                0.0001891   0.0001691   0.0003838   2.564e-05  OR2_X1
add_28_48/g1109                0.0001884   0.0001689    0.000383   2.564e-05  OR2_X1
g1155                          0.0002718    7.59e-05   0.0003823   3.465e-05  MUX2_X1
g1173                          0.0002717   7.592e-05   0.0003823   3.465e-05  MUX2_X1
g1150                          0.0002612   8.687e-05   0.0003821   3.406e-05  MUX2_X1
g1167                          0.0002715   7.472e-05   0.0003809   3.465e-05  MUX2_X1
g1161                           0.000271   6.925e-05   0.0003749   3.465e-05  MUX2_X1
g1175                          0.0002708   6.876e-05   0.0003742   3.465e-05  MUX2_X1
g998                            0.000237   0.0001079   0.0003698   2.481e-05  AOI222_X1
g1176                          0.0002696    5.79e-05   0.0003621   3.465e-05  MUX2_X1
g1169                          0.0002697   5.774e-05   0.0003621   3.465e-05  MUX2_X1
g1151                          0.0002695   5.746e-05   0.0003616   3.465e-05  MUX2_X1
g1174                          0.0002695   5.694e-05   0.0003611   3.465e-05  MUX2_X1
g1160                          0.0002694   5.639e-05   0.0003605   3.465e-05  MUX2_X1
g1166                          0.0002695   5.402e-05   0.0003581   3.465e-05  MUX2_X1
g1154                           0.000269   5.323e-05   0.0003569   3.465e-05  MUX2_X1
g1152                          0.0002691     5.3e-05   0.0003567   3.465e-05  MUX2_X1
g1172                           0.000269   5.284e-05   0.0003565   3.465e-05  MUX2_X1
g1014                          0.0002392    9.14e-05    0.000356   2.541e-05  AOI222_X1
g1157                          0.0002689    5.12e-05   0.0003547   3.465e-05  MUX2_X1
g1164                          0.0002688   4.892e-05   0.0003524   3.465e-05  MUX2_X1
g1159                          0.0002686   4.897e-05   0.0003522   3.465e-05  MUX2_X1
g1168                          0.0002683   4.576e-05   0.0003487   3.465e-05  MUX2_X1
g1170                          0.0002681   4.518e-05    0.000348   3.465e-05  MUX2_X1
g1171                          0.0002681   4.445e-05   0.0003472   3.465e-05  MUX2_X1
g1153                          0.0002679   4.269e-05   0.0003452   3.465e-05  MUX2_X1
g1146                          0.0002579   5.056e-05   0.0003425   3.406e-05  MUX2_X1
g1177                          0.0002673   3.839e-05   0.0003403   3.465e-05  MUX2_X1
g1147                          0.0002575   4.654e-05   0.0003381   3.406e-05  MUX2_X1
g1148                          0.0002573   4.432e-05   0.0003357   3.406e-05  MUX2_X1
FE_RC_5_0                      0.0002281   8.807e-05   0.0003332   1.702e-05  AOI222_X1
add_28_48/g1091                0.0001633   0.0001282   0.0003295    3.81e-05  XNOR2_X1
add_33_48/g1252                 0.000226   6.437e-05   0.0003288    3.84e-05  XNOR2_X1
add_28_48/g1079                0.0001632   0.0001184   0.0003197    3.81e-05  XNOR2_X1
add_28_48/g1092                 0.000163   0.0001181   0.0003192    3.81e-05  XNOR2_X1
add_33_48/g1224                0.0001603   0.0001386   0.0003185   1.966e-05  NOR2_X1
add_28_48/g1080                0.0001641   0.0001162   0.0003184    3.81e-05  XNOR2_X1
add_28_48/g1090                0.0001628   0.0001167   0.0003176    3.81e-05  XNOR2_X1
add_28_48/g1082                0.0001639   0.0001143   0.0003162    3.81e-05  XNOR2_X1
g1131                          0.0002201   5.924e-05   0.0003122   3.284e-05  MUX2_X1
add_33_48/g1234                 0.000162   0.0001288   0.0003104   1.965e-05  NOR2_X1
g1143                            0.00022   5.584e-05   0.0003087   3.284e-05  MUX2_X1
g1135                          0.0002216   5.253e-05    0.000307   3.287e-05  MUX2_X1
add_33_48/g1232                0.0001561     0.00013   0.0003057   1.965e-05  NOR2_X1
g1136                          0.0002198   5.279e-05   0.0003055   3.285e-05  MUX2_X1
g1144                          0.0002214    5.08e-05    0.000305   3.287e-05  MUX2_X1
g1132                          0.0002209   5.036e-05   0.0003041   3.287e-05  MUX2_X1
g1142                          0.0002193   5.189e-05    0.000304   3.284e-05  MUX2_X1
g1133                          0.0002211   4.862e-05   0.0003026   3.287e-05  MUX2_X1
g1141                          0.0002177   5.029e-05   0.0003008   3.282e-05  MUX2_X1
g1129                          0.0002195   4.812e-05   0.0003005   3.284e-05  MUX2_X1
g1134                          0.0002209   4.539e-05   0.0002992   3.287e-05  MUX2_X1
g1128                          0.0002176   4.785e-05   0.0002983   3.285e-05  MUX2_X1
add_28_48/g1103                0.0001029    0.000174   0.0002967   1.971e-05  NOR2_X1
g1145                          0.0002206   4.215e-05   0.0002956   3.287e-05  MUX2_X1
g1140                          0.0002143   4.711e-05   0.0002943   3.282e-05  MUX2_X1
g1130                          0.0002098   4.797e-05   0.0002905   3.278e-05  MUX2_X1
g1139                          0.0002103   4.543e-05   0.0002885   3.281e-05  MUX2_X1
add_28_48/g1094                0.0001265   0.0001395   0.0002838   1.782e-05  NOR2_X1
g1137                          0.0001996   5.115e-05   0.0002831   3.233e-05  MUX2_X1
add_28_48/g1086                0.0001183   0.0001451   0.0002779   1.447e-05  NAND2_X1
add_28_48/g1088                0.0001183    0.000145   0.0002778   1.447e-05  NAND2_X1
add_28_48/g1093                0.0001182   0.0001444   0.0002771   1.447e-05  NAND2_X1
add_28_48/g1089                0.0001182   0.0001438   0.0002765   1.447e-05  NAND2_X1
add_28_48/g1087                0.0001183   0.0001423    0.000275   1.447e-05  NAND2_X1
add_28_48/g1083                0.0001182   0.0001422   0.0002749   1.447e-05  NAND2_X1
g1138                          0.0001905   4.702e-05   0.0002697   3.221e-05  MUX2_X1
add_33_48/g1206                0.0001659   7.617e-05   0.0002646   2.262e-05  OR2_X1
add_28_48/g1084                 0.000118   0.0001301   0.0002626   1.447e-05  NAND2_X1
g1182                          8.418e-05   0.0001414   0.0002457   2.013e-05  NOR2_X1
FE_PHC133_n_41                 0.0001738     4.9e-05    0.000245   2.224e-05  BUF_X1
FE_PHC80_n_19                  0.0001517   7.898e-05   0.0002425   1.179e-05  CLKBUF_X1
FE_PHC121_n_11                 0.0001505   6.991e-05   0.0002322   1.179e-05  CLKBUF_X1
add_33_48/g1156                7.927e-05   0.0001058   0.0002312   4.609e-05  OAI21_X1
g1102                          0.0001463   5.895e-05   0.0002307   2.546e-05  AND2_X1
FE_PHC124_n_29                 0.0001501    6.76e-05   0.0002295   1.179e-05  CLKBUF_X1
FE_PHC113_n_40                 0.0001501   6.747e-05   0.0002294   1.179e-05  CLKBUF_X1
g1118                           0.000146    5.77e-05   0.0002292   2.546e-05  AND2_X1
FE_PHC128_n_31                   0.00015   6.716e-05    0.000229   1.179e-05  CLKBUF_X1
g1006                          0.0001055   0.0001057   0.0002288    1.76e-05  INV_X1
g1110                          0.0001433   5.976e-05   0.0002285   2.547e-05  AND2_X1
FE_PHC127_n_19                 0.0001499   6.671e-05   0.0002284   1.179e-05  CLKBUF_X1
g1090                          0.0001449   5.786e-05    0.000228   2.526e-05  AND2_X1
FE_PHC93_n_41                  0.0001498   6.622e-05   0.0002278   1.179e-05  CLKBUF_X1
FE_PHC78_n_13                  0.0001496   6.507e-05   0.0002265   1.179e-05  CLKBUF_X1
g1082                          0.0001447   5.651e-05   0.0002264   2.526e-05  AND2_X1
g993                           0.0001138   9.485e-05   0.0002262   1.755e-05  INV_X1
g1095                          0.0001462   5.394e-05   0.0002256   2.546e-05  AND2_X1
FE_PHC116_n_17                 0.0001496   6.418e-05   0.0002256   1.179e-05  CLKBUF_X1
FE_PHC130_n_36                 0.0001495   6.389e-05   0.0002252   1.179e-05  CLKBUF_X1
g1104                          0.0001459   5.179e-05   0.0002232   2.546e-05  AND2_X1
g1100                          0.0001425   5.501e-05    0.000223   2.546e-05  AND2_X1
FE_PHC131_n_14                 0.0001492   6.176e-05   0.0002228   1.179e-05  CLKBUF_X1
FE_PHC118_n_42                 0.0001492   6.166e-05   0.0002226   1.179e-05  CLKBUF_X1
FE_PHC119_n_22                 0.0001492   6.156e-05   0.0002225   1.179e-05  CLKBUF_X1
g1109                          0.0001458   5.083e-05   0.0002221   2.546e-05  AND2_X1
g1120                           0.000144   5.269e-05    0.000222   2.526e-05  AND2_X1
FE_PHC115_n_12                 0.0001491   6.106e-05   0.0002219   1.179e-05  CLKBUF_X1
g1013                          0.0001131   9.105e-05   0.0002217   1.755e-05  INV_X1
g1115                          0.0001444   5.141e-05   0.0002213   2.546e-05  AND2_X1
FE_PHC123_n_37                  0.000149   6.047e-05   0.0002213   1.179e-05  CLKBUF_X1
g1107                          0.0001456    5.01e-05   0.0002212   2.546e-05  AND2_X1
FE_PHC68_n_28                  0.0001489   6.009e-05   0.0002208   1.179e-05  CLKBUF_X1
g1123                          0.0001455   4.955e-05   0.0002205   2.546e-05  AND2_X1
g1121                           0.000145   4.988e-05   0.0002204   2.546e-05  AND2_X1
g1077                          0.0001437   5.132e-05   0.0002203   2.526e-05  AND2_X1
FE_PHC102_n_21                 0.0001489    5.96e-05   0.0002203   1.179e-05  CLKBUF_X1
g992                           0.0001143   8.839e-05   0.0002202   1.755e-05  INV_X1
g1119                          0.0001449   4.984e-05   0.0002202   2.546e-05  AND2_X1
g1012                           0.000113    8.94e-05     0.00022   1.755e-05  INV_X1
g1106                          0.0001455   4.904e-05     0.00022   2.546e-05  AND2_X1
FE_PHC69_n_14                  0.0001488   5.919e-05   0.0002197   1.179e-05  CLKBUF_X1
FE_PHC90_n_12                  0.0001488   5.918e-05   0.0002197   1.179e-05  CLKBUF_X1
FE_PHC125_n_13                 0.0001488   5.896e-05   0.0002195   1.179e-05  CLKBUF_X1
g990                           0.0001147   8.716e-05   0.0002194   1.755e-05  INV_X1
g1103                          0.0001452    4.87e-05   0.0002193   2.546e-05  AND2_X1
g1094                          0.0001443   4.952e-05   0.0002193   2.546e-05  AND2_X1
g1075                          0.0001435   5.022e-05    0.000219   2.526e-05  AND2_X1
FE_PHC112_n_28                 0.0001487   5.837e-05   0.0002188   1.179e-05  CLKBUF_X1
FE_PHC126_n_18                 0.0001487   5.816e-05   0.0002186   1.179e-05  CLKBUF_X1
add_28_48/g1107                0.0001053   9.357e-05   0.0002185   1.971e-05  NOR2_X1
FE_PHC129_n_35                 0.0001486   5.802e-05   0.0002184   1.179e-05  CLKBUF_X1
g1098                          0.0001435   4.964e-05   0.0002183   2.526e-05  AND2_X1
g1105                          0.0001433    4.92e-05   0.0002178   2.526e-05  AND2_X1
FE_PHC114_n_24                 0.0001485    5.71e-05   0.0002174   1.179e-05  CLKBUF_X1
FE_PHC122_n_20                 0.0001485   5.708e-05   0.0002174   1.179e-05  CLKBUF_X1
FE_PHC71_n_16                  0.0001484   5.702e-05   0.0002172   1.179e-05  CLKBUF_X1
FE_PHC110_n_32                 0.0001484   5.676e-05    0.000217   1.179e-05  CLKBUF_X1
FE_PHC108_n_23                 0.0001484   5.629e-05   0.0002164   1.179e-05  CLKBUF_X1
g1116                          0.0001432   4.766e-05   0.0002161   2.526e-05  AND2_X1
g1076                          0.0001431   4.766e-05    0.000216   2.526e-05  AND2_X1
g1114                          0.0001425   4.795e-05   0.0002159   2.546e-05  AND2_X1
g1108                           0.000143   4.741e-05   0.0002157   2.526e-05  AND2_X1
g1113                          0.0001416   4.863e-05   0.0002157   2.546e-05  AND2_X1
g1112                           0.000139   5.111e-05   0.0002156   2.547e-05  AND2_X1
g1088                          0.0001431   4.703e-05   0.0002153   2.526e-05  AND2_X1
FE_PHC107_n_30                 0.0001482   5.531e-05   0.0002153   1.179e-05  CLKBUF_X1
FE_PHC117_n_34                 0.0001482   5.517e-05   0.0002151   1.179e-05  CLKBUF_X1
g1083                          0.0001429    4.64e-05   0.0002146   2.526e-05  AND2_X1
g1011                           0.000113   8.394e-05   0.0002145   1.758e-05  INV_X1
FE_PHC89_n_40                   0.000148   5.443e-05   0.0002142   1.179e-05  CLKBUF_X1
FE_PHC105_n_25                  0.000148   5.426e-05   0.0002141   1.179e-05  CLKBUF_X1
FE_PHC111_n_41                  0.000148   5.425e-05   0.0002141   1.179e-05  CLKBUF_X1
g991                           0.0001148    8.16e-05   0.0002139   1.755e-05  INV_X1
g1101                          0.0001428   4.587e-05   0.0002139   2.526e-05  AND2_X1
FE_PHC120_n_16                  0.000148   5.409e-05   0.0002139   1.179e-05  CLKBUF_X1
FE_PHC70_n_11                   0.000148   5.411e-05   0.0002139   1.179e-05  CLKBUF_X1
g1081                          0.0001427   4.587e-05   0.0002139   2.526e-05  AND2_X1
FE_PHC104_n_33                  0.000148   5.404e-05   0.0002138   1.179e-05  CLKBUF_X1
FE_PHC101_n_38                  0.000148   5.393e-05   0.0002137   1.179e-05  CLKBUF_X1
FE_PHC103_n_39                  0.000148   5.389e-05   0.0002137   1.179e-05  CLKBUF_X1
g1078                          0.0001428   4.563e-05   0.0002137   2.526e-05  AND2_X1
FE_PHC100_n_15                  0.000148   5.381e-05   0.0002136   1.179e-05  CLKBUF_X1
g1007                          0.0001113   8.432e-05   0.0002132   1.757e-05  INV_X1
add_28_48/g1120                0.0001044   8.893e-05   0.0002131   1.971e-05  NOR2_X1
FE_PHC76_n_35                  0.0001478   5.312e-05   0.0002127   1.179e-05  CLKBUF_X1
g1010                          0.0001148   7.955e-05   0.0002119   1.758e-05  INV_X1
FE_PHC75_n_20                  0.0001477   5.238e-05   0.0002119   1.179e-05  CLKBUF_X1
g1086                          0.0001425     4.4e-05   0.0002118   2.526e-05  AND2_X1
g994                           0.0001098   8.416e-05   0.0002115   1.757e-05  INV_X1
FE_PHC72_n_36                  0.0001477   5.197e-05   0.0002114   1.179e-05  CLKBUF_X1
FE_PHC109_n_27                 0.0001477   5.178e-05   0.0002112   1.179e-05  CLKBUF_X1
add_28_48/g1099                 0.000105   8.635e-05    0.000211   1.971e-05  NOR2_X1
FE_PHC74_n_42                  0.0001475   5.127e-05   0.0002106   1.179e-05  CLKBUF_X1
FE_PHC82_n_31                  0.0001476   5.124e-05   0.0002106   1.179e-05  CLKBUF_X1
FE_PHC67_n_22                  0.0001475   5.063e-05   0.0002099   1.179e-05  CLKBUF_X1
g1009                           0.000112   8.009e-05   0.0002097   1.758e-05  INV_X1
g1092                          0.0001422   4.209e-05   0.0002095   2.526e-05  AND2_X1
g1079                          0.0001421   4.183e-05   0.0002092   2.526e-05  AND2_X1
g1008                          0.0001114   8.008e-05    0.000209   1.759e-05  INV_X1
add_28_48/g1121                0.0001042   8.509e-05    0.000209   1.971e-05  NOR2_X1
g1117                          0.0001421   4.133e-05   0.0002087   2.526e-05  AND2_X1
g1089                           0.000142     4.1e-05   0.0002083   2.526e-05  AND2_X1
FE_PHC81_n_29                  0.0001472   4.879e-05   0.0002078   1.179e-05  CLKBUF_X1
add_28_48/g1118                0.0001057   8.214e-05   0.0002075   1.971e-05  NOR2_X1
g1124                          0.0001419    4.01e-05   0.0002072   2.526e-05  AND2_X1
add_28_48/g1113                0.0001053   8.199e-05    0.000207   1.971e-05  NOR2_X1
g1099                          0.0001416   3.942e-05   0.0002063   2.526e-05  AND2_X1
g1096                          0.0001417   3.918e-05   0.0002061   2.526e-05  AND2_X1
g988                           0.0001105   7.679e-05   0.0002048   1.758e-05  INV_X1
g1093                          0.0001415   3.791e-05   0.0002046   2.526e-05  AND2_X1
add_33_48/g1180                6.652e-05   9.399e-05   0.0002046   4.411e-05  OAI21_X1
g1111                          0.0001414   3.743e-05   0.0002041   2.526e-05  AND2_X1
FE_PHC73_n_37                  0.0001467   4.546e-05   0.0002039   1.179e-05  CLKBUF_X1
FE_PHC106_n_26                 0.0001466   4.504e-05   0.0002034   1.179e-05  CLKBUF_X1
add_33_48/g1196                6.537e-05   9.337e-05   0.0002028    4.41e-05  OAI21_X1
g1080                           0.000141   3.544e-05   0.0002017   2.526e-05  AND2_X1
g1084                          0.0001409   3.463e-05   0.0002008   2.526e-05  AND2_X1
g1122                          0.0001409   3.454e-05   0.0002007   2.526e-05  AND2_X1
g1085                          0.0001409   3.445e-05   0.0002006   2.526e-05  AND2_X1
g1097                          0.0001408   3.389e-05   0.0001999   2.526e-05  AND2_X1
g1091                          0.0001407   3.362e-05   0.0001996   2.526e-05  AND2_X1
g1087                          0.0001407   3.315e-05   0.0001991   2.526e-05  AND2_X1
add_33_48/g1165                4.303e-05   0.0001195   0.0001989   3.642e-05  NAND2_X1
add_28_48/g1072                6.147e-05   9.155e-05   0.0001962   4.317e-05  OAI21_X1
FE_PHC92_n_34                  0.0001456   3.839e-05   0.0001958   1.179e-05  CLKBUF_X1
FE_PHC91_n_24                  0.0001456   3.839e-05   0.0001958   1.179e-05  CLKBUF_X1
FE_PHC79_n_18                  0.0001456   3.839e-05   0.0001958   1.179e-05  CLKBUF_X1
FE_PHC77_n_17                  0.0001456   3.839e-05   0.0001958   1.179e-05  CLKBUF_X1
add_28_48/g1042                6.071e-05   8.759e-05   0.0001914   4.312e-05  OAI21_X1
FE_PHC31_n_104                 0.0001149   5.917e-05   0.0001863   1.222e-05  CLKBUF_X1
add_33_48/g1158                5.998e-05   0.0001041   0.0001842   2.009e-05  NOR2_X1
g1074                          0.0001102   6.355e-05   0.0001842   1.044e-05  AOI22_X1
g1005                          9.476e-05   7.173e-05   0.0001841   1.761e-05  INV_X1
FE_PHC27_n_102                 0.0001143   5.528e-05   0.0001818   1.222e-05  CLKBUF_X1
g989                           9.608e-05   6.803e-05   0.0001817   1.764e-05  INV_X1
FE_PHC2_n_106                  0.0001141   5.433e-05   0.0001807   1.222e-05  CLKBUF_X1
FE_PHC28_n_97                  0.0001141   5.426e-05   0.0001806   1.222e-05  CLKBUF_X1
FE_PHC8_n_88                   0.0001138   5.261e-05   0.0001787   1.222e-05  CLKBUF_X1
FE_PHC29_n_62                  0.0001138   5.239e-05   0.0001784   1.222e-05  CLKBUF_X1
add_28_48/g1129                6.921e-05   8.083e-05   0.0001783   2.826e-05  AND2_X1
FE_PHC5_n_111                  0.0001137   5.197e-05   0.0001779   1.222e-05  CLKBUF_X1
FE_PHC7_n_66                   0.0001137   5.164e-05   0.0001776   1.222e-05  CLKBUF_X1
FE_PHC20_n_98                  0.0001136    5.12e-05   0.0001771   1.222e-05  CLKBUF_X1
FE_PHC4_n_110                  0.0001135   5.054e-05   0.0001763   1.222e-05  CLKBUF_X1
FE_PHC6_n_81                   0.0001135    5.04e-05   0.0001761   1.222e-05  CLKBUF_X1
FE_PHC19_n_85                  0.0001135   5.021e-05   0.0001759   1.222e-05  CLKBUF_X1
FE_PHC22_n_101                 0.0001134   4.968e-05   0.0001753   1.222e-05  CLKBUF_X1
FE_PHC30_n_64                  0.0001133   4.935e-05   0.0001749   1.222e-05  CLKBUF_X1
FE_PHC18_n_109                 0.0001133   4.926e-05   0.0001748   1.222e-05  CLKBUF_X1
FE_PHC17_n_70                  0.0001133   4.919e-05   0.0001747   1.222e-05  CLKBUF_X1
FE_PHC10_n_96                  0.0001133   4.915e-05   0.0001747   1.222e-05  CLKBUF_X1
FE_PHC9_n_100                  0.0001133   4.895e-05   0.0001744   1.222e-05  CLKBUF_X1
FE_PHC15_n_78                  0.0001133   4.888e-05   0.0001744   1.222e-05  CLKBUF_X1
FE_PHC13_n_105                 0.0001133   4.878e-05   0.0001743   1.222e-05  CLKBUF_X1
FE_PHC32_n_99                  0.0001132   4.861e-05   0.0001741   1.222e-05  CLKBUF_X1
FE_PHC14_n_94                  0.0001132   4.828e-05   0.0001737   1.222e-05  CLKBUF_X1
FE_PHC12_n_95                  0.0001132   4.827e-05   0.0001737   1.222e-05  CLKBUF_X1
add_33_48/g1153                7.047e-05   5.911e-05   0.0001736   4.407e-05  OAI21_X1
FE_PHC33_n_75                  0.0001132   4.818e-05   0.0001736   1.222e-05  CLKBUF_X1
FE_PHC26_n_69                  0.0001131    4.81e-05   0.0001735   1.222e-05  CLKBUF_X1
FE_PHC21_n_87                  0.0001131   4.788e-05   0.0001732   1.222e-05  CLKBUF_X1
FE_PHC23_n_107                 0.0001131   4.786e-05   0.0001732   1.222e-05  CLKBUF_X1
FE_PHC11_n_108                 0.0001131   4.786e-05   0.0001732   1.222e-05  CLKBUF_X1
FE_PHC24_n_90                  0.0001131   4.759e-05   0.0001729   1.222e-05  CLKBUF_X1
FE_PHC25_n_93                   0.000113   4.705e-05   0.0001723   1.222e-05  CLKBUF_X1
FE_PHC3_n_89                    0.000113   4.689e-05   0.0001721   1.222e-05  CLKBUF_X1
FE_PHC16_n_103                 0.0001129   4.666e-05   0.0001718   1.222e-05  CLKBUF_X1
add_33_48/g1144                4.362e-05   8.808e-05   0.0001681    3.64e-05  NAND2_X1
add_28_48/g1128                 6.88e-05   7.089e-05    0.000168   2.826e-05  AND2_X1
FE_PHC38_n_110                 0.0001123   4.274e-05   0.0001673   1.222e-05  CLKBUF_X1
FE_PHC40_n_100                 0.0001122   4.197e-05   0.0001664   1.222e-05  CLKBUF_X1
FE_PHC37_n_96                  0.0001118   3.951e-05   0.0001636   1.222e-05  CLKBUF_X1
FE_PHC52_n_101                 0.0001117   3.877e-05   0.0001627   1.222e-05  CLKBUF_X1
add_33_48/g1170                4.258e-05   8.314e-05   0.0001621   3.642e-05  NAND2_X1
drc_bufs1212                   2.174e-05   0.0001258   0.0001619   1.435e-05  INV_X1
add_33_48/g1150                4.326e-05   8.194e-05   0.0001616    3.64e-05  NAND2_X1
FE_PHC62_n_90                  0.0001114    3.69e-05   0.0001605   1.222e-05  CLKBUF_X1
FE_PHC47_n_62                  0.0001114   3.655e-05   0.0001601   1.222e-05  CLKBUF_X1
FE_PHC57_n_78                  0.0001114   3.648e-05   0.0001601   1.222e-05  CLKBUF_X1
FE_PHC65_n_106                 0.0001114   3.645e-05     0.00016   1.222e-05  CLKBUF_X1
FE_PHC59_n_102                 0.0001113   3.637e-05   0.0001599   1.222e-05  CLKBUF_X1
FE_PHC45_n_70                  0.0001112   3.534e-05   0.0001588   1.222e-05  CLKBUF_X1
FE_PHC42_n_99                  0.0001111   3.505e-05   0.0001584   1.222e-05  CLKBUF_X1
FE_PHC36_n_97                  0.0001111   3.496e-05   0.0001583   1.222e-05  CLKBUF_X1
add_33_48/g1192                6.789e-05   4.581e-05   0.0001578   4.409e-05  OAI21_X1
FE_PHC51_n_64                   0.000111   3.441e-05   0.0001577   1.222e-05  CLKBUF_X1
FE_PHC41_n_69                   0.000111   3.434e-05   0.0001576   1.222e-05  CLKBUF_X1
FE_PHC39_n_66                   0.000111   3.416e-05   0.0001574   1.222e-05  CLKBUF_X1
FE_PHC61_n_88                  0.0001109   3.374e-05   0.0001569   1.222e-05  CLKBUF_X1
add_28_48/g1023                3.682e-05   8.374e-05   0.0001566   3.604e-05  NAND2_X1
add_33_48/g1175                4.221e-05   7.665e-05   0.0001553   3.642e-05  NAND2_X1
g1180                          7.838e-05   5.275e-05   0.0001519   2.078e-05  NOR2_X1
FE_PHC35_n_104                 0.0001102   2.905e-05   0.0001515   1.222e-05  CLKBUF_X1
FE_PHC49_n_81                  0.0001102   2.905e-05   0.0001515   1.222e-05  CLKBUF_X1
FE_PHC50_n_98                  0.0001102   2.905e-05   0.0001515   1.222e-05  CLKBUF_X1
FE_PHC63_n_105                 0.0001102   2.905e-05   0.0001515   1.222e-05  CLKBUF_X1
FE_PHC54_n_109                 0.0001102   2.905e-05   0.0001515   1.222e-05  CLKBUF_X1
FE_PHC44_n_85                  0.0001102   2.905e-05   0.0001515   1.222e-05  CLKBUF_X1
FE_PHC46_n_103                 0.0001102   2.905e-05   0.0001515   1.222e-05  CLKBUF_X1
FE_PHC48_n_111                 0.0001102   2.905e-05   0.0001515   1.222e-05  CLKBUF_X1
FE_PHC55_n_94                  0.0001102   2.905e-05   0.0001515   1.222e-05  CLKBUF_X1
FE_PHC56_n_108                 0.0001102   2.905e-05   0.0001515   1.222e-05  CLKBUF_X1
FE_PHC66_n_87                  0.0001102   2.905e-05   0.0001515   1.222e-05  CLKBUF_X1
FE_PHC60_n_93                  0.0001102   2.905e-05   0.0001515   1.222e-05  CLKBUF_X1
FE_PHC43_n_75                  0.0001102   2.905e-05   0.0001515   1.222e-05  CLKBUF_X1
FE_PHC53_n_107                 0.0001102   2.905e-05   0.0001515   1.222e-05  CLKBUF_X1
FE_PHC64_n_89                  0.0001102   2.905e-05   0.0001515   1.222e-05  CLKBUF_X1
FE_PHC58_n_95                  0.0001102   2.905e-05   0.0001515   1.222e-05  CLKBUF_X1
g995                             7.9e-05   5.331e-05   0.0001503   1.804e-05  INV_X1
add_33_48/g1140                4.344e-05   6.977e-05   0.0001496    3.64e-05  NAND2_X1
add_28_48/g1108                5.516e-05   6.808e-05   0.0001454   2.212e-05  AND2_X1
add_28_48/g1027                3.674e-05   7.104e-05   0.0001438   3.604e-05  NAND2_X1
add_28_48/g1037                3.642e-05   7.131e-05   0.0001438   3.604e-05  NAND2_X1
add_28_48/g1130                 2.77e-05   0.0001056   0.0001437   1.043e-05  INV_X1
add_33_48/FE_RC_12_0           4.348e-05   7.974e-05   0.0001433   2.011e-05  NOR2_X1
add_33_48/FE_RC_8_0            4.181e-05    8.01e-05    0.000142   2.011e-05  NOR2_X1
add_33_48/g1190                7.793e-05   4.326e-05   0.0001407   1.953e-05  AOI21_X1
add_28_48/g1032                3.666e-05   6.581e-05   0.0001385   3.604e-05  NAND2_X1
g1179                          6.929e-05   4.801e-05   0.0001371   1.983e-05  NOR2_X1
add_28_48/g1046                6.563e-05    3.96e-05   0.0001334   2.814e-05  OR2_X1
add_28_48/FE_RC_0_0            3.784e-05   7.438e-05   0.0001323   2.007e-05  NOR2_X1
add_28_48/FE_RC_2_0            3.781e-05   7.109e-05    0.000129   2.007e-05  NOR2_X1
add_33_48/g1235                3.194e-05   8.896e-05   0.0001284   7.516e-06  NAND2_X1
add_28_48/FE_RC_10_0            3.78e-05    7.04e-05   0.0001283   2.007e-05  NOR2_X1
add_28_48/FE_RC_6_0             3.78e-05   7.025e-05   0.0001281   2.007e-05  NOR2_X1
add_33_48/g1243                3.127e-05   8.741e-05   0.0001262   7.508e-06  NAND2_X1
add_33_48/g1159                4.296e-05   4.444e-05   0.0001238    3.64e-05  NAND2_X1
g1048                          5.484e-05   4.381e-05   0.0001168   1.815e-05  INV_X1
add_33_48/g3                   2.695e-05   7.711e-05   0.0001144   1.032e-05  INV_X1
add_28_48/g1020                3.617e-05   3.631e-05   0.0001085   3.604e-05  NAND2_X1
add_33_48/FE_RC_13_0           5.946e-05   2.401e-05   0.0001051    2.16e-05  AND2_X1
add_33_48/FE_RC_9_0            5.736e-05   2.304e-05    0.000102   2.156e-05  AND2_X1
add_33_48/g1227                3.185e-05   6.004e-05   9.941e-05   7.516e-06  NAND2_X1
add_33_48/g1225                3.181e-05   5.994e-05   9.926e-05   7.516e-06  NAND2_X1
add_33_48/g1214                3.178e-05   5.828e-05   9.758e-05   7.516e-06  NAND2_X1
FE_PHC34_reset                 4.001e-05    4.58e-05   9.703e-05   1.121e-05  CLKBUF_X1
add_33_48/g1241                 3.18e-05   5.704e-05   9.636e-05   7.516e-06  NAND2_X1
add_33_48/g1220                3.165e-05    5.67e-05   9.587e-05   7.516e-06  NAND2_X1
add_28_48/FE_RC_11_0           5.214e-05   2.111e-05   9.537e-05   2.212e-05  AND2_X1
add_28_48/FE_RC_1_0            5.187e-05   2.113e-05   9.513e-05   2.212e-05  AND2_X1
add_28_48/FE_RC_3_0            5.182e-05   2.113e-05   9.508e-05   2.212e-05  AND2_X1
add_28_48/FE_RC_7_0            5.175e-05   2.111e-05   9.499e-05   2.212e-05  AND2_X1
add_33_48/g1217                  3.1e-05   5.577e-05   9.428e-05   7.508e-06  NAND2_X1
add_33_48/g1223                3.104e-05   5.536e-05   9.391e-05   7.508e-06  NAND2_X1
add_33_48/g1242                3.095e-05   5.544e-05   9.391e-05   7.508e-06  NAND2_X1
add_28_48/g1104                2.848e-05   5.446e-05   9.059e-05   7.649e-06  NAND2_X1
add_33_48/g1195                3.369e-05   4.203e-05   8.606e-05   1.033e-05  INV_X1
add_28_48/g1123                2.835e-05   4.975e-05   8.575e-05   7.649e-06  NAND2_X1
FE_PHC132_reset                4.514e-05   1.878e-05   8.537e-05   2.144e-05  BUF_X1
add_28_48/g1115                2.856e-05   4.843e-05   8.463e-05   7.649e-06  NAND2_X1
add_28_48/g1106                2.839e-05   4.807e-05   8.411e-05   7.649e-06  NAND2_X1
add_28_48/g1096                 2.83e-05   4.611e-05   8.206e-05   7.649e-06  NAND2_X1
add_28_48/g1101                2.842e-05   4.005e-05   7.612e-05   7.649e-06  NAND2_X1
add_28_48/g1116                2.872e-05   3.781e-05   7.417e-05   7.649e-06  NAND2_X1
add_33_48/g1213                2.311e-05   3.243e-05   7.397e-05   1.842e-05  INV_X1
add_33_48/g1230                 2.31e-05   2.653e-05   6.806e-05   1.843e-05  INV_X1
add_33_48/g1221                 3.11e-05   2.914e-05   6.774e-05   7.502e-06  NAND2_X1
add_28_48/g1048                 1.49e-05   2.314e-05   6.378e-05   2.575e-05  NOR2_X1
FE_PHC99_reset                 3.726e-05   1.383e-05    6.23e-05   1.121e-05  CLKBUF_X1
add_28_48/g1095                  2.9e-05   2.492e-05   6.157e-05   7.649e-06  NAND2_X1
add_28_48/g1105                2.931e-05   2.291e-05   5.987e-05   7.649e-06  NAND2_X1
add_28_48/g1141                1.476e-05   1.417e-05   5.467e-05   2.575e-05  NOR2_X1
add_28_48/g1147                1.449e-05    1.43e-05   5.454e-05   2.575e-05  NOR2_X1
add_33_48/g1259                1.414e-05   1.343e-05   5.392e-05   2.634e-05  NOR2_X1
add_28_48/g1143                1.475e-05    1.34e-05    5.39e-05   2.575e-05  NOR2_X1
add_28_48/g1145                1.474e-05   1.324e-05   5.373e-05   2.575e-05  NOR2_X1
add_33_48/g1261                1.323e-05   1.209e-05   5.171e-05   2.639e-05  NOR2_X1
add_28_48/g3                   2.539e-05   1.011e-05     5.1e-05    1.55e-05  OAI21_X1
add_33_48/g1152                1.859e-05   1.862e-05   4.668e-05   9.479e-06  NAND2_X1
add_28_48/g1039                1.755e-05   1.568e-05   4.367e-05   1.044e-05  NAND2_X1
add_33_48/g1172                1.481e-05   1.702e-05   4.125e-05   9.424e-06  NAND2_X1
add_28_48/g1025                1.463e-05   1.544e-05    4.05e-05   1.044e-05  NAND2_X1
add_33_48/g1142                1.541e-05   1.537e-05   4.026e-05    9.48e-06  NAND2_X1
add_33_48/g1177                1.695e-05   1.327e-05   3.964e-05   9.423e-06  NAND2_X1
add_28_48/g1034                1.461e-05   1.393e-05   3.898e-05   1.044e-05  NAND2_X1
add_28_48/g1029                 1.46e-05   1.356e-05    3.86e-05   1.044e-05  NAND2_X1
add_28_48/g1022                1.462e-05   1.348e-05   3.853e-05   1.044e-05  NAND2_X1
add_28_48/g1069                1.782e-05   9.936e-06   3.819e-05   1.043e-05  NAND2_X1
add_33_48/g1163                1.514e-05   1.356e-05   3.818e-05   9.479e-06  NAND2_X1
add_33_48/g1146                 1.54e-05   1.326e-05   3.814e-05    9.48e-06  NAND2_X1
add_33_48/g1167                 1.48e-05   1.226e-05   3.648e-05   9.424e-06  NAND2_X1
add_33_48/g1161                7.307e-06   1.411e-05   3.065e-05   9.231e-06  NAND3_X1
add_33_48/g1160                4.182e-06   5.332e-06    2.81e-05   1.859e-05  INV_X1
add_33_48/g1138                5.609e-06   6.322e-06   1.687e-05   4.942e-06  NAND2_X1

---------------------------------------------------------------------------------------

Total (    555 of    555  )        0.752      0.2533      1.022     0.01696
Total Capacitance                 1.93e-12 F
Power Density                   *** No Die Area ***
